TpTrace Verbose: 0 : 16832, 1, 2024/07/04, 10:42:15.747, 1694637936063, datacollector.dll, Version: 17.9.0-release-23627-01
TpTrace Information: 0 : 16832, 1, 2024/07/04, 10:42:15.751, 1694637974039, datacollector.dll, DataCollectorMain.Run: Starting data collector run with args: --port,56045,--parentprocessid,23744,--diag,C:\Stuart\Projects\nunit-csharp-samples-master\nunit-csharp-samples-master\money\bin\Debug\net6.0\fine-code-coverage\coverage-tool-output\diagnostics.datacollector.24-07-04_10-42-15_65886_5.log,--tracelevel,4
TpTrace Information: 0 : 16832, 1, 2024/07/04, 10:42:15.753, 1694637995796, datacollector.dll, DataCollector: Monitoring parent process with id: '23744'
TpTrace Information: 0 : 16832, 1, 2024/07/04, 10:42:15.759, 1694638050155, datacollector.dll, Trying to connect to server on socket : 127.0.0.1:56045 
TpTrace Verbose: 0 : 16832, 1, 2024/07/04, 10:42:15.767, 1694638131467, datacollector.dll, SocketCommunicationManager : SetupClientAsync : Attempting to connect to the server.
TpTrace Information: 0 : 16832, 7, 2024/07/04, 10:42:15.772, 1694638186318, datacollector.dll, Connected to the server successfully 
TpTrace Information: 0 : 16832, 7, 2024/07/04, 10:42:15.772, 1694638186823, datacollector.dll, Using the buffer size of 16384 bytes
TpTrace Information: 0 : 16832, 1, 2024/07/04, 10:42:15.811, 1694638573488, datacollector.dll, DataCollector: Start Request Processing.
TpTrace Verbose: 0 : 16832, 1, 2024/07/04, 10:42:15.811, 1694638574986, datacollector.dll, SocketCommunicationManager.WaitForServerConnection took: 0 ms, with 90000 ms timeout, and finished with True.
TpTrace Information: 0 : 16832, 1, 2024/07/04, 10:42:15.811, 1694638576538, datacollector.dll, DataCollectionRequestHandler.ProcessRequests: Datacollector received message: (DataCollection.BeforeTestRunStart) -> {"MessageType":"DataCollection.BeforeTestRunStart","Payload":{"SettingsXml":"<RunSettings><RunConfiguration><ResultsDirectory>C:\\Stuart\\Projects\\nunit-csharp-samples-master\\nunit-csharp-samples-master\\money\\bin\\Debug\\net6.0\\fine-code-coverage\\coverage-tool-output</ResultsDirectory><TargetPlatform>X64</TargetPlatform><TargetFrameworkVersion>.NETCoreApp,Version=v6.0</TargetFrameworkVersion><DesignMode>False</DesignMode><CollectSourceInformation>False</CollectSourceInformation><TestAdaptersPaths>C:\\Program Files\\dotnet\\sdk\\8.0.200\\Extensions</TestAdaptersPaths></RunConfiguration><LoggerRunSettings><Loggers><Logger friendlyName=\"blame\" enabled=\"True\" /><Logger friendlyName=\"Console\" uri=\"logger://microsoft/TestPlatform/ConsoleLogger/v1\" assemblyQualifiedName=\"Microsoft.VisualStudio.TestPlatform.CommandLine.Internal.ConsoleLogger, vstest.console, Version=15.0.0.0, Culture=neutral, PublicKeyToken=b03f5f7f11d50a3a\" codeBase=\"C:\\Program Files\\dotnet\\sdk\\8.0.200\\vstest.console.dll\" enabled=\"True\" /></Loggers></LoggerRunSettings><DataCollectionRunSettings><DataCollectors><DataCollector friendlyName=\"blame\" enabled=\"True\"><Configuration><ResultsDirectory>C:\\Stuart\\Projects\\nunit-csharp-samples-master\\nunit-csharp-samples-master\\money\\bin\\Debug\\net6.0\\fine-code-coverage\\coverage-tool-output</ResultsDirectory></Configuration></DataCollector></DataCollectors></DataCollectionRunSettings></RunSettings>","Sources":["C:\\Stuart\\Projects\\nunit-csharp-samples-master\\nunit-csharp-samples-master\\money\\bin\\Debug\\net6.0\\fine-code-coverage\\build-output\\Money.dll"],"IsTelemetryOptedIn":false}}
TpTrace Verbose: 0 : 16832, 1, 2024/07/04, 10:42:15.837, 1694638835257, datacollector.dll, TestPluginCache: Update extensions started. Skip filter = False
TpTrace Verbose: 0 : 16832, 1, 2024/07/04, 10:42:15.838, 1694638839361, datacollector.dll, TestPluginCache: Using directories for assembly resolution 'C:\Program Files\dotnet\sdk\8.0.200\Extensions'.
TpTrace Verbose: 0 : 16832, 1, 2024/07/04, 10:42:15.838, 1694638839785, datacollector.dll, TestPluginCache: Updated the available extensions to 'C:\Program Files\dotnet\sdk\8.0.200\Extensions\Microsoft.TestPlatform.Extensions.BlameDataCollector.dll,C:\Program Files\dotnet\sdk\8.0.200\Extensions\Microsoft.TestPlatform.Extensions.EventLogCollector.dll'.
TpTrace Verbose: 0 : 16832, 1, 2024/07/04, 10:42:15.844, 1694638901574, datacollector.dll, TestPluginCache.DiscoverTestExtensions: finding test extensions in assemblies ends with: Collector.dll TPluginInfo: Microsoft.VisualStudio.TestPlatform.Common.DataCollector.DataCollectorConfig TExtension: Microsoft.VisualStudio.TestPlatform.ObjectModel.DataCollection.DataCollector
TpTrace Verbose: 0 : 16832, 1, 2024/07/04, 10:42:15.845, 1694638908270, datacollector.dll, TestPluginCache.GetExtensionPaths: Filtered extension paths: C:\Program Files\dotnet\sdk\8.0.200\Extensions\Microsoft.TestPlatform.Extensions.BlameDataCollector.dll
C:\Program Files\dotnet\sdk\8.0.200\Extensions\Microsoft.TestPlatform.Extensions.EventLogCollector.dll
TpTrace Verbose: 0 : 16832, 1, 2024/07/04, 10:42:15.845, 1694638908697, datacollector.dll, TestPluginCache.GetExtensionPaths: Added default extension paths: 
TpTrace Verbose: 0 : 16832, 1, 2024/07/04, 10:42:15.845, 1694638908813, datacollector.dll, TestPluginCache.GetExtensionPaths: Added unfilterableExtensionPaths: 
TpTrace Information: 0 : 16832, 1, 2024/07/04, 10:42:15.845, 1694638912022, datacollector.dll, AssemblyResolver.ctor: Creating AssemblyResolver with searchDirectories C:\Program Files\dotnet\sdk\8.0.200\Extensions,C:\Program Files\dotnet\sdk\8.0.200
TpTrace Verbose: 0 : 16832, 1, 2024/07/04, 10:42:15.846, 1694638919908, datacollector.dll, TestPluginCache.DiscoverTestExtensions: Discovering the extensions using extension path.
TpTrace Verbose: 0 : 16832, 1, 2024/07/04, 10:42:15.846, 1694638920789, datacollector.dll, TestPluginCache.GetExtensionPaths: Filtered extension paths: C:\Program Files\dotnet\sdk\8.0.200\Extensions\Microsoft.TestPlatform.Extensions.BlameDataCollector.dll
C:\Program Files\dotnet\sdk\8.0.200\Extensions\Microsoft.TestPlatform.Extensions.EventLogCollector.dll
TpTrace Verbose: 0 : 16832, 1, 2024/07/04, 10:42:15.846, 1694638920957, datacollector.dll, TestPluginCache.GetExtensionPaths: Added default extension paths: 
TpTrace Verbose: 0 : 16832, 1, 2024/07/04, 10:42:15.846, 1694638921062, datacollector.dll, TestPluginCache.GetExtensionPaths: Added unfilterableExtensionPaths: 
TpTrace Verbose: 0 : 16832, 1, 2024/07/04, 10:42:15.846, 1694638921347, datacollector.dll, TestPluginCache.DiscoverTestExtensions: Discovering the extensions using allExtensionPaths: C:\Program Files\dotnet\sdk\8.0.200\Extensions\Microsoft.TestPlatform.Extensions.BlameDataCollector.dll
C:\Program Files\dotnet\sdk\8.0.200\Extensions\Microsoft.TestPlatform.Extensions.EventLogCollector.dll
TpTrace Information: 0 : 16832, 1, 2024/07/04, 10:42:15.846, 1694638921820, datacollector.dll, AssemblyResolver.AddSearchDirectories: Adding more searchDirectories C:\Program Files\dotnet\sdk\8.0.200\Extensions,C:\Program Files\dotnet\sdk\8.0.200
TpTrace Information: 0 : 16832, 1, 2024/07/04, 10:42:15.846, 1694638922001, datacollector.dll, AssemblyResolver.AddSearchDirectories: Adding more searchDirectories C:\Program Files\dotnet\sdk\8.0.200\Extensions,C:\Program Files\dotnet\sdk\8.0.200
TpTrace Information: 0 : 16832, 1, 2024/07/04, 10:42:15.846, 1694638924374, datacollector.dll, AssemblyResolver.OnResolve: Microsoft.TestPlatform.Extensions.BlameDataCollector: Resolving assembly.
TpTrace Information: 0 : 16832, 1, 2024/07/04, 10:42:15.846, 1694638924777, datacollector.dll, AssemblyResolver.OnResolve: Microsoft.TestPlatform.Extensions.BlameDataCollector: Searching in: 'C:\Program Files\dotnet\sdk\8.0.200\Extensions'.
TpTrace Information: 0 : 16832, 1, 2024/07/04, 10:42:15.852, 1694638979005, datacollector.dll, AssemblyResolver.OnResolve: Microsoft.TestPlatform.Extensions.BlameDataCollector: Loading assembly 'C:\Program Files\dotnet\sdk\8.0.200\Extensions\Microsoft.TestPlatform.Extensions.BlameDataCollector.dll'.
TpTrace Information: 0 : 16832, 1, 2024/07/04, 10:42:15.852, 1694638983555, datacollector.dll, AssemblyResolver.OnResolve: Resolved assembly: Microsoft.TestPlatform.Extensions.BlameDataCollector, from path: C:\Program Files\dotnet\sdk\8.0.200\Extensions\Microsoft.TestPlatform.Extensions.BlameDataCollector.dll
TpTrace Verbose: 0 : 16832, 1, 2024/07/04, 10:42:15.856, 1694639020139, datacollector.dll, MetadataReaderExtensionsHelper: Discovering extensions inside assembly 'Microsoft.TestPlatform.Extensions.BlameDataCollector, Version=15.0.0.0, Culture=neutral, PublicKeyToken=b03f5f7f11d50a3a' file path 'C:\Program Files\dotnet\sdk\8.0.200\Extensions\Microsoft.TestPlatform.Extensions.BlameDataCollector.dll'
TpTrace Error: 0 : 16832, 1, 2024/07/04, 10:42:15.857, 1694639034971, datacollector.dll, The type "Microsoft.TestPlatform.Extensions.BlameDataCollector.BlameCollector" defined in "Microsoft.TestPlatform.Extensions.BlameDataCollector.dll" does not have ExtensionUri attribute.
TpTrace Information: 0 : 16832, 1, 2024/07/04, 10:42:15.860, 1694639058436, datacollector.dll, GetTestExtensionFromType: Register extension with identifier data 'datacollector://microsoft/TestPlatform/Extensions/Blame/v1' and type 'Microsoft.TestPlatform.Extensions.BlameDataCollector.BlameCollector, Microsoft.TestPlatform.Extensions.BlameDataCollector, Version=15.0.0.0, Culture=neutral, PublicKeyToken=b03f5f7f11d50a3a' inside file 'C:\Program Files\dotnet\sdk\8.0.200\Extensions\Microsoft.TestPlatform.Extensions.BlameDataCollector.dll'
TpTrace Information: 0 : 16832, 1, 2024/07/04, 10:42:15.860, 1694639059458, datacollector.dll, AssemblyResolver.OnResolve: Microsoft.TestPlatform.Extensions.EventLogCollector: Resolving assembly.
TpTrace Information: 0 : 16832, 1, 2024/07/04, 10:42:15.860, 1694639059675, datacollector.dll, AssemblyResolver.OnResolve: Microsoft.TestPlatform.Extensions.EventLogCollector: Searching in: 'C:\Program Files\dotnet\sdk\8.0.200\Extensions'.
TpTrace Information: 0 : 16832, 1, 2024/07/04, 10:42:15.860, 1694639064571, datacollector.dll, AssemblyResolver.OnResolve: Microsoft.TestPlatform.Extensions.EventLogCollector: Loading assembly 'C:\Program Files\dotnet\sdk\8.0.200\Extensions\Microsoft.TestPlatform.Extensions.EventLogCollector.dll'.
TpTrace Information: 0 : 16832, 1, 2024/07/04, 10:42:15.861, 1694639068228, datacollector.dll, AssemblyResolver.OnResolve: Resolved assembly: Microsoft.TestPlatform.Extensions.EventLogCollector, from path: C:\Program Files\dotnet\sdk\8.0.200\Extensions\Microsoft.TestPlatform.Extensions.EventLogCollector.dll
TpTrace Verbose: 0 : 16832, 1, 2024/07/04, 10:42:15.861, 1694639068724, datacollector.dll, MetadataReaderExtensionsHelper: Discovering extensions inside assembly 'Microsoft.TestPlatform.Extensions.EventLogCollector, Version=15.0.0.0, Culture=neutral, PublicKeyToken=b03f5f7f11d50a3a' file path 'C:\Program Files\dotnet\sdk\8.0.200\Extensions\Microsoft.TestPlatform.Extensions.EventLogCollector.dll'
TpTrace Error: 0 : 16832, 1, 2024/07/04, 10:42:15.863, 1694639090194, datacollector.dll, The type "Microsoft.TestPlatform.Extensions.EventLogCollector.EventLogDataCollector" defined in "Microsoft.TestPlatform.Extensions.EventLogCollector.dll" does not have ExtensionUri attribute.
TpTrace Information: 0 : 16832, 1, 2024/07/04, 10:42:15.863, 1694639092561, datacollector.dll, GetTestExtensionFromType: Register extension with identifier data 'datacollector://microsoft/EventLog/2.0' and type 'Microsoft.TestPlatform.Extensions.EventLogCollector.EventLogDataCollector, Microsoft.TestPlatform.Extensions.EventLogCollector, Version=15.0.0.0, Culture=neutral, PublicKeyToken=b03f5f7f11d50a3a' inside file 'C:\Program Files\dotnet\sdk\8.0.200\Extensions\Microsoft.TestPlatform.Extensions.EventLogCollector.dll'
TpTrace Verbose: 0 : 16832, 1, 2024/07/04, 10:42:15.863, 1694639093930, datacollector.dll, TestPluginCache: Discovered the extensions using extension path 'C:\Program Files\dotnet\sdk\8.0.200\Extensions\Microsoft.TestPlatform.Extensions.BlameDataCollector.dll,C:\Program Files\dotnet\sdk\8.0.200\Extensions\Microsoft.TestPlatform.Extensions.EventLogCollector.dll'.
TpTrace Verbose: 0 : 16832, 1, 2024/07/04, 10:42:15.863, 1694639094187, datacollector.dll, TestPluginCache: Discoverers are ''.
TpTrace Verbose: 0 : 16832, 1, 2024/07/04, 10:42:15.863, 1694639094293, datacollector.dll, TestPluginCache: Executors are ''.
TpTrace Verbose: 0 : 16832, 1, 2024/07/04, 10:42:15.863, 1694639094422, datacollector.dll, TestPluginCache: Executors2 are ''.
TpTrace Verbose: 0 : 16832, 1, 2024/07/04, 10:42:15.863, 1694639094529, datacollector.dll, TestPluginCache: Setting providers are ''.
TpTrace Verbose: 0 : 16832, 1, 2024/07/04, 10:42:15.863, 1694639094627, datacollector.dll, TestPluginCache: Loggers are ''.
TpTrace Verbose: 0 : 16832, 1, 2024/07/04, 10:42:15.863, 1694639094722, datacollector.dll, TestPluginCache: TestHosts are ''.
TpTrace Verbose: 0 : 16832, 1, 2024/07/04, 10:42:15.863, 1694639095763, datacollector.dll, TestPluginCache: DataCollectors are 'datacollector://microsoft/TestPlatform/Extensions/Blame/v1,datacollector://microsoft/EventLog/2.0'.
TpTrace Information: 0 : 16832, 1, 2024/07/04, 10:42:15.864, 1694639103927, datacollector.dll, TestPluginManager.CreateTestExtension: Attempting to load test extension: Microsoft.TestPlatform.Extensions.BlameDataCollector.BlameCollector
TpTrace Information: 0 : 16832, 1, 2024/07/04, 10:42:15.866, 1694639125933, datacollector.dll, [MonitorPostmortemDump]Monitor enabled: 'False'
TpTrace Verbose: 0 : 16832, 1, 2024/07/04, 10:42:15.867, 1694639131693, datacollector.dll, MulticastDelegateUtilities.SafeInvoke: DataCollectionEvents.SessionStart: Invoking callbacks was skipped because there are no subscribers.
TpTrace Information: 0 : 16832, 1, 2024/07/04, 10:42:15.867, 1694639136221, datacollector.dll, Listening on Endpoint : 127.0.0.1:56047
TpTrace Information: 0 : 16832, 1, 2024/07/04, 10:42:15.871, 1694639174468, datacollector.dll, DataCollectionRequestHandler.ProcessRequests : DataCollection started.
TpTrace Information: 0 : 16832, 1, 2024/07/04, 10:42:15.892, 1694639377842, datacollector.dll, DataCollectionRequestHandler.ProcessRequests: Datacollector received message: (DataCollection.TestHostLaunched) -> {"MessageType":"DataCollection.TestHostLaunched","Payload":{"ProcessId":5552}}
TpTrace Verbose: 0 : 16832, 1, 2024/07/04, 10:42:15.893, 1694639396078, datacollector.dll, MulticastDelegateUtilities.SafeInvoke: DataCollectionEvents.TestHostLaunched: Invoking callback 1/1 for Microsoft.TestPlatform.Extensions.BlameDataCollector.BlameCollector., took 0 ms.
TpTrace Verbose: 0 : 16832, 7, 2024/07/04, 10:42:16.059, 1694641056315, datacollector.dll, SocketCommunicationManager.WaitForClientConnection took: 190 ms, with 90000 ms timeout, and finished with True.
TpTrace Information: 0 : 16832, 9, 2024/07/04, 10:42:16.059, 1694641056267, datacollector.dll, Using the buffer size of 16384 bytes
TpTrace Information: 0 : 16832, 9, 2024/07/04, 10:42:16.060, 1694641057484, datacollector.dll, Accepted Client request and set the flag
TpTrace Information: 0 : 16832, 7, 2024/07/04, 10:42:16.480, 1694645262785, datacollector.dll, DataCollectionTestCaseEventHandler: Test case starting.
TpTrace Information: 0 : 16832, 7, 2024/07/04, 10:42:16.487, 1694645327137, datacollector.dll, BlameCollector.EventsTestCaseStart: Test Case Start
TpTrace Verbose: 0 : 16832, 7, 2024/07/04, 10:42:16.487, 1694645329159, datacollector.dll, MulticastDelegateUtilities.SafeInvoke: DataCollectionEvents.TestCaseStart: Invoking callback 1/1 for Microsoft.TestPlatform.Extensions.BlameDataCollector.BlameCollector., took 0 ms.
TpTrace Information: 0 : 16832, 7, 2024/07/04, 10:42:16.487, 1694645331970, datacollector.dll, DataCollectionTestCaseEventHandler: Test case 'BagMultiply - e4951473-f7b0-9b85-c580-2c5183c25b29' started.
TpTrace Information: 0 : 16832, 7, 2024/07/04, 10:42:16.497, 1694645433961, datacollector.dll, DataCollectionTestCaseEventHandler: Test case completing.
TpTrace Information: 0 : 16832, 7, 2024/07/04, 10:42:16.500, 1694645457324, datacollector.dll, BlameCollector.EventsTestCaseEnd: Test Case End
TpTrace Verbose: 0 : 16832, 7, 2024/07/04, 10:42:16.500, 1694645458602, datacollector.dll, MulticastDelegateUtilities.SafeInvoke: DataCollectionEvents.TestCaseEnd: Invoking callback 1/1 for Microsoft.TestPlatform.Extensions.BlameDataCollector.BlameCollector., took 0 ms.
TpTrace Information: 0 : 16832, 7, 2024/07/04, 10:42:16.501, 1694645470404, datacollector.dll, DataCollectionTestCaseEventHandler: Test case 'BagMultiply - e4951473-f7b0-9b85-c580-2c5183c25b29' completed
TpTrace Information: 0 : 16832, 7, 2024/07/04, 10:42:16.507, 1694645534400, datacollector.dll, DataCollectionTestCaseEventHandler: Test case starting.
TpTrace Information: 0 : 16832, 7, 2024/07/04, 10:42:16.508, 1694645538789, datacollector.dll, BlameCollector.EventsTestCaseStart: Test Case Start
TpTrace Verbose: 0 : 16832, 7, 2024/07/04, 10:42:16.508, 1694645539284, datacollector.dll, MulticastDelegateUtilities.SafeInvoke: DataCollectionEvents.TestCaseStart: Invoking callback 1/1 for Microsoft.TestPlatform.Extensions.BlameDataCollector.BlameCollector., took 0 ms.
TpTrace Information: 0 : 16832, 7, 2024/07/04, 10:42:16.508, 1694645540014, datacollector.dll, DataCollectionTestCaseEventHandler: Test case 'BagNegate - b82de70d-8cc8-9d0c-4d44-7f2829a949f1' started.
TpTrace Information: 0 : 16832, 7, 2024/07/04, 10:42:16.508, 1694645544610, datacollector.dll, DataCollectionTestCaseEventHandler: Test case completing.
TpTrace Information: 0 : 16832, 7, 2024/07/04, 10:42:16.509, 1694645548380, datacollector.dll, BlameCollector.EventsTestCaseEnd: Test Case End
TpTrace Verbose: 0 : 16832, 7, 2024/07/04, 10:42:16.509, 1694645548730, datacollector.dll, MulticastDelegateUtilities.SafeInvoke: DataCollectionEvents.TestCaseEnd: Invoking callback 1/1 for Microsoft.TestPlatform.Extensions.BlameDataCollector.BlameCollector., took 0 ms.
TpTrace Information: 0 : 16832, 7, 2024/07/04, 10:42:16.509, 1694645549693, datacollector.dll, DataCollectionTestCaseEventHandler: Test case 'BagNegate - b82de70d-8cc8-9d0c-4d44-7f2829a949f1' completed
TpTrace Information: 0 : 16832, 7, 2024/07/04, 10:42:16.509, 1694645554751, datacollector.dll, DataCollectionTestCaseEventHandler: Test case starting.
TpTrace Information: 0 : 16832, 7, 2024/07/04, 10:42:16.510, 1694645557808, datacollector.dll, BlameCollector.EventsTestCaseStart: Test Case Start
TpTrace Verbose: 0 : 16832, 7, 2024/07/04, 10:42:16.510, 1694645558138, datacollector.dll, MulticastDelegateUtilities.SafeInvoke: DataCollectionEvents.TestCaseStart: Invoking callback 1/1 for Microsoft.TestPlatform.Extensions.BlameDataCollector.BlameCollector., took 0 ms.
TpTrace Information: 0 : 16832, 7, 2024/07/04, 10:42:16.510, 1694645558636, datacollector.dll, DataCollectionTestCaseEventHandler: Test case 'BagSimpleAdd - e26e7964-f109-01d9-983f-d9176a5d3467' started.
TpTrace Information: 0 : 16832, 7, 2024/07/04, 10:42:16.510, 1694645563780, datacollector.dll, DataCollectionTestCaseEventHandler: Test case completing.
TpTrace Information: 0 : 16832, 7, 2024/07/04, 10:42:16.511, 1694645569593, datacollector.dll, BlameCollector.EventsTestCaseEnd: Test Case End
TpTrace Verbose: 0 : 16832, 7, 2024/07/04, 10:42:16.511, 1694645570343, datacollector.dll, MulticastDelegateUtilities.SafeInvoke: DataCollectionEvents.TestCaseEnd: Invoking callback 1/1 for Microsoft.TestPlatform.Extensions.BlameDataCollector.BlameCollector., took 0 ms.
TpTrace Information: 0 : 16832, 7, 2024/07/04, 10:42:16.511, 1694645571006, datacollector.dll, DataCollectionTestCaseEventHandler: Test case 'BagSimpleAdd - e26e7964-f109-01d9-983f-d9176a5d3467' completed
TpTrace Information: 0 : 16832, 7, 2024/07/04, 10:42:16.512, 1694645577140, datacollector.dll, DataCollectionTestCaseEventHandler: Test case starting.
TpTrace Information: 0 : 16832, 7, 2024/07/04, 10:42:16.512, 1694645580685, datacollector.dll, BlameCollector.EventsTestCaseStart: Test Case Start
TpTrace Verbose: 0 : 16832, 7, 2024/07/04, 10:42:16.512, 1694645581144, datacollector.dll, MulticastDelegateUtilities.SafeInvoke: DataCollectionEvents.TestCaseStart: Invoking callback 1/1 for Microsoft.TestPlatform.Extensions.BlameDataCollector.BlameCollector., took 0 ms.
TpTrace Information: 0 : 16832, 7, 2024/07/04, 10:42:16.512, 1694645581807, datacollector.dll, DataCollectionTestCaseEventHandler: Test case 'BagSubtract - 81e4bbe5-4b63-37d1-1e2a-4cec953fa66f' started.
TpTrace Information: 0 : 16832, 7, 2024/07/04, 10:42:16.512, 1694645584661, datacollector.dll, DataCollectionTestCaseEventHandler: Test case completing.
TpTrace Information: 0 : 16832, 7, 2024/07/04, 10:42:16.513, 1694645590332, datacollector.dll, BlameCollector.EventsTestCaseEnd: Test Case End
TpTrace Verbose: 0 : 16832, 7, 2024/07/04, 10:42:16.513, 1694645590646, datacollector.dll, MulticastDelegateUtilities.SafeInvoke: DataCollectionEvents.TestCaseEnd: Invoking callback 1/1 for Microsoft.TestPlatform.Extensions.BlameDataCollector.BlameCollector., took 0 ms.
TpTrace Information: 0 : 16832, 7, 2024/07/04, 10:42:16.513, 1694645591181, datacollector.dll, DataCollectionTestCaseEventHandler: Test case 'BagSubtract - 81e4bbe5-4b63-37d1-1e2a-4cec953fa66f' completed
TpTrace Information: 0 : 16832, 7, 2024/07/04, 10:42:16.513, 1694645594640, datacollector.dll, DataCollectionTestCaseEventHandler: Test case starting.
TpTrace Information: 0 : 16832, 7, 2024/07/04, 10:42:16.514, 1694645598675, datacollector.dll, BlameCollector.EventsTestCaseStart: Test Case Start
TpTrace Verbose: 0 : 16832, 7, 2024/07/04, 10:42:16.514, 1694645599018, datacollector.dll, MulticastDelegateUtilities.SafeInvoke: DataCollectionEvents.TestCaseStart: Invoking callback 1/1 for Microsoft.TestPlatform.Extensions.BlameDataCollector.BlameCollector., took 0 ms.
TpTrace Information: 0 : 16832, 7, 2024/07/04, 10:42:16.514, 1694645599509, datacollector.dll, DataCollectionTestCaseEventHandler: Test case 'BagSumAdd - c1a5745b-c751-9354-d916-c4f6ff2c0543' started.
TpTrace Information: 0 : 16832, 7, 2024/07/04, 10:42:16.514, 1694645603239, datacollector.dll, DataCollectionTestCaseEventHandler: Test case completing.
TpTrace Information: 0 : 16832, 7, 2024/07/04, 10:42:16.514, 1694645605559, datacollector.dll, BlameCollector.EventsTestCaseEnd: Test Case End
TpTrace Verbose: 0 : 16832, 7, 2024/07/04, 10:42:16.514, 1694645605768, datacollector.dll, MulticastDelegateUtilities.SafeInvoke: DataCollectionEvents.TestCaseEnd: Invoking callback 1/1 for Microsoft.TestPlatform.Extensions.BlameDataCollector.BlameCollector., took 0 ms.
TpTrace Information: 0 : 16832, 7, 2024/07/04, 10:42:16.514, 1694645606300, datacollector.dll, DataCollectionTestCaseEventHandler: Test case 'BagSumAdd - c1a5745b-c751-9354-d916-c4f6ff2c0543' completed
TpTrace Information: 0 : 16832, 7, 2024/07/04, 10:42:16.515, 1694645611748, datacollector.dll, DataCollectionTestCaseEventHandler: Test case starting.
TpTrace Information: 0 : 16832, 7, 2024/07/04, 10:42:16.515, 1694645615016, datacollector.dll, BlameCollector.EventsTestCaseStart: Test Case Start
TpTrace Verbose: 0 : 16832, 7, 2024/07/04, 10:42:16.515, 1694645615337, datacollector.dll, MulticastDelegateUtilities.SafeInvoke: DataCollectionEvents.TestCaseStart: Invoking callback 1/1 for Microsoft.TestPlatform.Extensions.BlameDataCollector.BlameCollector., took 0 ms.
TpTrace Information: 0 : 16832, 7, 2024/07/04, 10:42:16.515, 1694645615764, datacollector.dll, DataCollectionTestCaseEventHandler: Test case 'IsZero - 3a294783-ece6-ac8a-0225-edb68c311297' started.
TpTrace Information: 0 : 16832, 7, 2024/07/04, 10:42:16.516, 1694645620196, datacollector.dll, DataCollectionTestCaseEventHandler: Test case completing.
TpTrace Information: 0 : 16832, 7, 2024/07/04, 10:42:16.516, 1694645622498, datacollector.dll, BlameCollector.EventsTestCaseEnd: Test Case End
TpTrace Verbose: 0 : 16832, 7, 2024/07/04, 10:42:16.516, 1694645622705, datacollector.dll, MulticastDelegateUtilities.SafeInvoke: DataCollectionEvents.TestCaseEnd: Invoking callback 1/1 for Microsoft.TestPlatform.Extensions.BlameDataCollector.BlameCollector., took 0 ms.
TpTrace Information: 0 : 16832, 7, 2024/07/04, 10:42:16.516, 1694645624273, datacollector.dll, DataCollectionTestCaseEventHandler: Test case 'IsZero - 3a294783-ece6-ac8a-0225-edb68c311297' completed
TpTrace Information: 0 : 16832, 7, 2024/07/04, 10:42:16.517, 1694645627178, datacollector.dll, DataCollectionTestCaseEventHandler: Test case starting.
TpTrace Information: 0 : 16832, 7, 2024/07/04, 10:42:16.517, 1694645630163, datacollector.dll, BlameCollector.EventsTestCaseStart: Test Case Start
TpTrace Verbose: 0 : 16832, 7, 2024/07/04, 10:42:16.517, 1694645630950, datacollector.dll, MulticastDelegateUtilities.SafeInvoke: DataCollectionEvents.TestCaseStart: Invoking callback 1/1 for Microsoft.TestPlatform.Extensions.BlameDataCollector.BlameCollector., took 0 ms.
TpTrace Information: 0 : 16832, 7, 2024/07/04, 10:42:16.517, 1694645631496, datacollector.dll, DataCollectionTestCaseEventHandler: Test case 'MixedSimpleAdd - 1d228e9e-67b3-27f9-3927-a65a1033f010' started.
TpTrace Information: 0 : 16832, 7, 2024/07/04, 10:42:16.518, 1694645638607, datacollector.dll, DataCollectionTestCaseEventHandler: Test case completing.
TpTrace Information: 0 : 16832, 7, 2024/07/04, 10:42:16.518, 1694645640939, datacollector.dll, BlameCollector.EventsTestCaseEnd: Test Case End
TpTrace Verbose: 0 : 16832, 7, 2024/07/04, 10:42:16.518, 1694645641199, datacollector.dll, MulticastDelegateUtilities.SafeInvoke: DataCollectionEvents.TestCaseEnd: Invoking callback 1/1 for Microsoft.TestPlatform.Extensions.BlameDataCollector.BlameCollector., took 0 ms.
TpTrace Information: 0 : 16832, 7, 2024/07/04, 10:42:16.518, 1694645641763, datacollector.dll, DataCollectionTestCaseEventHandler: Test case 'MixedSimpleAdd - 1d228e9e-67b3-27f9-3927-a65a1033f010' completed
TpTrace Information: 0 : 16832, 7, 2024/07/04, 10:42:16.519, 1694645648142, datacollector.dll, DataCollectionTestCaseEventHandler: Test case starting.
TpTrace Information: 0 : 16832, 7, 2024/07/04, 10:42:16.519, 1694645654702, datacollector.dll, BlameCollector.EventsTestCaseStart: Test Case Start
TpTrace Verbose: 0 : 16832, 7, 2024/07/04, 10:42:16.519, 1694645655044, datacollector.dll, MulticastDelegateUtilities.SafeInvoke: DataCollectionEvents.TestCaseStart: Invoking callback 1/1 for Microsoft.TestPlatform.Extensions.BlameDataCollector.BlameCollector., took 0 ms.
TpTrace Information: 0 : 16832, 7, 2024/07/04, 10:42:16.519, 1694645655515, datacollector.dll, DataCollectionTestCaseEventHandler: Test case 'MoneyBagEquals - 12aca653-5708-0b9d-ed11-baf6fe8734b6' started.
TpTrace Information: 0 : 16832, 7, 2024/07/04, 10:42:16.520, 1694645660418, datacollector.dll, DataCollectionTestCaseEventHandler: Test case completing.
TpTrace Information: 0 : 16832, 7, 2024/07/04, 10:42:16.520, 1694645663201, datacollector.dll, BlameCollector.EventsTestCaseEnd: Test Case End
TpTrace Verbose: 0 : 16832, 7, 2024/07/04, 10:42:16.520, 1694645663532, datacollector.dll, MulticastDelegateUtilities.SafeInvoke: DataCollectionEvents.TestCaseEnd: Invoking callback 1/1 for Microsoft.TestPlatform.Extensions.BlameDataCollector.BlameCollector., took 0 ms.
TpTrace Information: 0 : 16832, 7, 2024/07/04, 10:42:16.520, 1694645664031, datacollector.dll, DataCollectionTestCaseEventHandler: Test case 'MoneyBagEquals - 12aca653-5708-0b9d-ed11-baf6fe8734b6' completed
TpTrace Information: 0 : 16832, 7, 2024/07/04, 10:42:16.521, 1694645671506, datacollector.dll, DataCollectionTestCaseEventHandler: Test case starting.
TpTrace Information: 0 : 16832, 7, 2024/07/04, 10:42:16.521, 1694645676099, datacollector.dll, BlameCollector.EventsTestCaseStart: Test Case Start
TpTrace Verbose: 0 : 16832, 7, 2024/07/04, 10:42:16.521, 1694645676441, datacollector.dll, MulticastDelegateUtilities.SafeInvoke: DataCollectionEvents.TestCaseStart: Invoking callback 1/1 for Microsoft.TestPlatform.Extensions.BlameDataCollector.BlameCollector., took 0 ms.
TpTrace Information: 0 : 16832, 7, 2024/07/04, 10:42:16.522, 1694645677457, datacollector.dll, DataCollectionTestCaseEventHandler: Test case 'MoneyBagHash - 74b2005a-2f52-95f5-983a-e65634410178' started.
TpTrace Information: 0 : 16832, 7, 2024/07/04, 10:42:16.522, 1694645681647, datacollector.dll, DataCollectionTestCaseEventHandler: Test case completing.
TpTrace Information: 0 : 16832, 7, 2024/07/04, 10:42:16.522, 1694645686309, datacollector.dll, BlameCollector.EventsTestCaseEnd: Test Case End
TpTrace Verbose: 0 : 16832, 7, 2024/07/04, 10:42:16.522, 1694645686622, datacollector.dll, MulticastDelegateUtilities.SafeInvoke: DataCollectionEvents.TestCaseEnd: Invoking callback 1/1 for Microsoft.TestPlatform.Extensions.BlameDataCollector.BlameCollector., took 0 ms.
TpTrace Information: 0 : 16832, 7, 2024/07/04, 10:42:16.523, 1694645687637, datacollector.dll, DataCollectionTestCaseEventHandler: Test case 'MoneyBagHash - 74b2005a-2f52-95f5-983a-e65634410178' completed
TpTrace Information: 0 : 16832, 7, 2024/07/04, 10:42:16.544, 1694645899138, datacollector.dll, DataCollectionTestCaseEventHandler: Test case starting.
TpTrace Information: 0 : 16832, 7, 2024/07/04, 10:42:16.544, 1694645905848, datacollector.dll, BlameCollector.EventsTestCaseStart: Test Case Start
TpTrace Verbose: 0 : 16832, 7, 2024/07/04, 10:42:16.544, 1694645906388, datacollector.dll, MulticastDelegateUtilities.SafeInvoke: DataCollectionEvents.TestCaseStart: Invoking callback 1/1 for Microsoft.TestPlatform.Extensions.BlameDataCollector.BlameCollector., took 0 ms.
TpTrace Information: 0 : 16832, 7, 2024/07/04, 10:42:16.545, 1694645907257, datacollector.dll, DataCollectionTestCaseEventHandler: Test case 'MoneyEquals - c360b3c8-3cf9-fdd5-9337-fad9a582941a' started.
TpTrace Information: 0 : 16832, 7, 2024/07/04, 10:42:16.545, 1694645915594, datacollector.dll, DataCollectionTestCaseEventHandler: Test case completing.
TpTrace Information: 0 : 16832, 7, 2024/07/04, 10:42:16.546, 1694645922591, datacollector.dll, BlameCollector.EventsTestCaseEnd: Test Case End
TpTrace Verbose: 0 : 16832, 7, 2024/07/04, 10:42:16.546, 1694645922988, datacollector.dll, MulticastDelegateUtilities.SafeInvoke: DataCollectionEvents.TestCaseEnd: Invoking callback 1/1 for Microsoft.TestPlatform.Extensions.BlameDataCollector.BlameCollector., took 0 ms.
TpTrace Information: 0 : 16832, 7, 2024/07/04, 10:42:16.546, 1694645923746, datacollector.dll, DataCollectionTestCaseEventHandler: Test case 'MoneyEquals - c360b3c8-3cf9-fdd5-9337-fad9a582941a' completed
TpTrace Information: 0 : 16832, 7, 2024/07/04, 10:42:16.547, 1694645928812, datacollector.dll, DataCollectionTestCaseEventHandler: Test case starting.
TpTrace Information: 0 : 16832, 7, 2024/07/04, 10:42:16.547, 1694645934133, datacollector.dll, BlameCollector.EventsTestCaseStart: Test Case Start
TpTrace Verbose: 0 : 16832, 7, 2024/07/04, 10:42:16.547, 1694645935038, datacollector.dll, MulticastDelegateUtilities.SafeInvoke: DataCollectionEvents.TestCaseStart: Invoking callback 1/1 for Microsoft.TestPlatform.Extensions.BlameDataCollector.BlameCollector., took 0 ms.
TpTrace Information: 0 : 16832, 7, 2024/07/04, 10:42:16.547, 1694645935921, datacollector.dll, DataCollectionTestCaseEventHandler: Test case 'MoneyHash - eb4ef9f5-68ea-c805-25b8-ff2109581fee' started.
TpTrace Information: 0 : 16832, 7, 2024/07/04, 10:42:16.548, 1694645945699, datacollector.dll, DataCollectionTestCaseEventHandler: Test case completing.
TpTrace Information: 0 : 16832, 7, 2024/07/04, 10:42:16.549, 1694645954042, datacollector.dll, BlameCollector.EventsTestCaseEnd: Test Case End
TpTrace Verbose: 0 : 16832, 7, 2024/07/04, 10:42:16.549, 1694645954664, datacollector.dll, MulticastDelegateUtilities.SafeInvoke: DataCollectionEvents.TestCaseEnd: Invoking callback 1/1 for Microsoft.TestPlatform.Extensions.BlameDataCollector.BlameCollector., took 0 ms.
TpTrace Information: 0 : 16832, 7, 2024/07/04, 10:42:16.549, 1694645956447, datacollector.dll, DataCollectionTestCaseEventHandler: Test case 'MoneyHash - eb4ef9f5-68ea-c805-25b8-ff2109581fee' completed
TpTrace Information: 0 : 16832, 7, 2024/07/04, 10:42:16.550, 1694645962240, datacollector.dll, DataCollectionTestCaseEventHandler: Test case starting.
TpTrace Information: 0 : 16832, 7, 2024/07/04, 10:42:16.551, 1694645972757, datacollector.dll, BlameCollector.EventsTestCaseStart: Test Case Start
TpTrace Verbose: 0 : 16832, 7, 2024/07/04, 10:42:16.551, 1694645973858, datacollector.dll, MulticastDelegateUtilities.SafeInvoke: DataCollectionEvents.TestCaseStart: Invoking callback 1/1 for Microsoft.TestPlatform.Extensions.BlameDataCollector.BlameCollector., took 0 ms.
TpTrace Information: 0 : 16832, 7, 2024/07/04, 10:42:16.551, 1694645975474, datacollector.dll, DataCollectionTestCaseEventHandler: Test case 'Normalize - b1ae9c17-a79d-ab2d-e117-4672314dfeda' started.
TpTrace Information: 0 : 16832, 7, 2024/07/04, 10:42:16.552, 1694645981541, datacollector.dll, DataCollectionTestCaseEventHandler: Test case completing.
TpTrace Information: 0 : 16832, 7, 2024/07/04, 10:42:16.554, 1694645997925, datacollector.dll, BlameCollector.EventsTestCaseEnd: Test Case End
TpTrace Verbose: 0 : 16832, 7, 2024/07/04, 10:42:16.554, 1694645999868, datacollector.dll, MulticastDelegateUtilities.SafeInvoke: DataCollectionEvents.TestCaseEnd: Invoking callback 1/1 for Microsoft.TestPlatform.Extensions.BlameDataCollector.BlameCollector., took 0 ms.
TpTrace Information: 0 : 16832, 7, 2024/07/04, 10:42:16.554, 1694646002743, datacollector.dll, DataCollectionTestCaseEventHandler: Test case 'Normalize - b1ae9c17-a79d-ab2d-e117-4672314dfeda' completed
TpTrace Information: 0 : 16832, 7, 2024/07/04, 10:42:16.555, 1694646011571, datacollector.dll, DataCollectionTestCaseEventHandler: Test case starting.
TpTrace Information: 0 : 16832, 7, 2024/07/04, 10:42:16.556, 1694646017224, datacollector.dll, BlameCollector.EventsTestCaseStart: Test Case Start
TpTrace Verbose: 0 : 16832, 7, 2024/07/04, 10:42:16.556, 1694646017668, datacollector.dll, MulticastDelegateUtilities.SafeInvoke: DataCollectionEvents.TestCaseStart: Invoking callback 1/1 for Microsoft.TestPlatform.Extensions.BlameDataCollector.BlameCollector., took 0 ms.
TpTrace Information: 0 : 16832, 7, 2024/07/04, 10:42:16.556, 1694646018358, datacollector.dll, DataCollectionTestCaseEventHandler: Test case 'Normalize2 - b8234af2-a199-8e67-54dc-c33098e03c52' started.
TpTrace Information: 0 : 16832, 7, 2024/07/04, 10:42:16.557, 1694646031170, datacollector.dll, DataCollectionTestCaseEventHandler: Test case completing.
TpTrace Information: 0 : 16832, 7, 2024/07/04, 10:42:16.558, 1694646045173, datacollector.dll, BlameCollector.EventsTestCaseEnd: Test Case End
TpTrace Verbose: 0 : 16832, 7, 2024/07/04, 10:42:16.558, 1694646046155, datacollector.dll, MulticastDelegateUtilities.SafeInvoke: DataCollectionEvents.TestCaseEnd: Invoking callback 1/1 for Microsoft.TestPlatform.Extensions.BlameDataCollector.BlameCollector., took 0 ms.
TpTrace Information: 0 : 16832, 7, 2024/07/04, 10:42:16.559, 1694646047436, datacollector.dll, DataCollectionTestCaseEventHandler: Test case 'Normalize2 - b8234af2-a199-8e67-54dc-c33098e03c52' completed
TpTrace Information: 0 : 16832, 7, 2024/07/04, 10:42:16.559, 1694646056439, datacollector.dll, DataCollectionTestCaseEventHandler: Test case starting.
TpTrace Information: 0 : 16832, 7, 2024/07/04, 10:42:16.560, 1694646059929, datacollector.dll, BlameCollector.EventsTestCaseStart: Test Case Start
TpTrace Verbose: 0 : 16832, 7, 2024/07/04, 10:42:16.560, 1694646060313, datacollector.dll, MulticastDelegateUtilities.SafeInvoke: DataCollectionEvents.TestCaseStart: Invoking callback 1/1 for Microsoft.TestPlatform.Extensions.BlameDataCollector.BlameCollector., took 0 ms.
TpTrace Information: 0 : 16832, 7, 2024/07/04, 10:42:16.560, 1694646061017, datacollector.dll, DataCollectionTestCaseEventHandler: Test case 'Normalize3 - e8db06a3-0f24-5b24-fbd6-b79db29ec816' started.
TpTrace Information: 0 : 16832, 7, 2024/07/04, 10:42:16.560, 1694646064916, datacollector.dll, DataCollectionTestCaseEventHandler: Test case completing.
TpTrace Information: 0 : 16832, 7, 2024/07/04, 10:42:16.561, 1694646069570, datacollector.dll, BlameCollector.EventsTestCaseEnd: Test Case End
TpTrace Verbose: 0 : 16832, 7, 2024/07/04, 10:42:16.561, 1694646070236, datacollector.dll, MulticastDelegateUtilities.SafeInvoke: DataCollectionEvents.TestCaseEnd: Invoking callback 1/1 for Microsoft.TestPlatform.Extensions.BlameDataCollector.BlameCollector., took 0 ms.
TpTrace Information: 0 : 16832, 7, 2024/07/04, 10:42:16.561, 1694646071837, datacollector.dll, DataCollectionTestCaseEventHandler: Test case 'Normalize3 - e8db06a3-0f24-5b24-fbd6-b79db29ec816' completed
TpTrace Information: 0 : 16832, 7, 2024/07/04, 10:42:16.562, 1694646079369, datacollector.dll, DataCollectionTestCaseEventHandler: Test case starting.
TpTrace Information: 0 : 16832, 7, 2024/07/04, 10:42:16.562, 1694646086963, datacollector.dll, BlameCollector.EventsTestCaseStart: Test Case Start
TpTrace Verbose: 0 : 16832, 7, 2024/07/04, 10:42:16.563, 1694646087506, datacollector.dll, MulticastDelegateUtilities.SafeInvoke: DataCollectionEvents.TestCaseStart: Invoking callback 1/1 for Microsoft.TestPlatform.Extensions.BlameDataCollector.BlameCollector., took 0 ms.
TpTrace Information: 0 : 16832, 7, 2024/07/04, 10:42:16.563, 1694646088456, datacollector.dll, DataCollectionTestCaseEventHandler: Test case 'Normalize4 - 256d89ec-0d64-06f1-a6a5-9b9b713843e8' started.
TpTrace Information: 0 : 16832, 7, 2024/07/04, 10:42:16.563, 1694646093423, datacollector.dll, DataCollectionTestCaseEventHandler: Test case completing.
TpTrace Information: 0 : 16832, 7, 2024/07/04, 10:42:16.564, 1694646099616, datacollector.dll, BlameCollector.EventsTestCaseEnd: Test Case End
TpTrace Verbose: 0 : 16832, 7, 2024/07/04, 10:42:16.564, 1694646099985, datacollector.dll, MulticastDelegateUtilities.SafeInvoke: DataCollectionEvents.TestCaseEnd: Invoking callback 1/1 for Microsoft.TestPlatform.Extensions.BlameDataCollector.BlameCollector., took 0 ms.
TpTrace Information: 0 : 16832, 7, 2024/07/04, 10:42:16.564, 1694646100757, datacollector.dll, DataCollectionTestCaseEventHandler: Test case 'Normalize4 - 256d89ec-0d64-06f1-a6a5-9b9b713843e8' completed
TpTrace Information: 0 : 16832, 7, 2024/07/04, 10:42:16.564, 1694646104967, datacollector.dll, DataCollectionTestCaseEventHandler: Test case starting.
TpTrace Information: 0 : 16832, 7, 2024/07/04, 10:42:16.565, 1694646109993, datacollector.dll, BlameCollector.EventsTestCaseStart: Test Case Start
TpTrace Verbose: 0 : 16832, 7, 2024/07/04, 10:42:16.565, 1694646110554, datacollector.dll, MulticastDelegateUtilities.SafeInvoke: DataCollectionEvents.TestCaseStart: Invoking callback 1/1 for Microsoft.TestPlatform.Extensions.BlameDataCollector.BlameCollector., took 0 ms.
TpTrace Information: 0 : 16832, 7, 2024/07/04, 10:42:16.565, 1694646111907, datacollector.dll, DataCollectionTestCaseEventHandler: Test case 'Print - b915f9aa-8ccd-9e4e-dec6-7da92e62bba5' started.
TpTrace Information: 0 : 16832, 7, 2024/07/04, 10:42:16.565, 1694646115516, datacollector.dll, DataCollectionTestCaseEventHandler: Test case completing.
TpTrace Information: 0 : 16832, 7, 2024/07/04, 10:42:16.566, 1694646119288, datacollector.dll, BlameCollector.EventsTestCaseEnd: Test Case End
TpTrace Verbose: 0 : 16832, 7, 2024/07/04, 10:42:16.566, 1694646119588, datacollector.dll, MulticastDelegateUtilities.SafeInvoke: DataCollectionEvents.TestCaseEnd: Invoking callback 1/1 for Microsoft.TestPlatform.Extensions.BlameDataCollector.BlameCollector., took 0 ms.
TpTrace Information: 0 : 16832, 7, 2024/07/04, 10:42:16.566, 1694646120416, datacollector.dll, DataCollectionTestCaseEventHandler: Test case 'Print - b915f9aa-8ccd-9e4e-dec6-7da92e62bba5' completed
TpTrace Information: 0 : 16832, 7, 2024/07/04, 10:42:16.566, 1694646124743, datacollector.dll, DataCollectionTestCaseEventHandler: Test case starting.
TpTrace Information: 0 : 16832, 7, 2024/07/04, 10:42:16.567, 1694646128938, datacollector.dll, BlameCollector.EventsTestCaseStart: Test Case Start
TpTrace Verbose: 0 : 16832, 7, 2024/07/04, 10:42:16.567, 1694646129351, datacollector.dll, MulticastDelegateUtilities.SafeInvoke: DataCollectionEvents.TestCaseStart: Invoking callback 1/1 for Microsoft.TestPlatform.Extensions.BlameDataCollector.BlameCollector., took 0 ms.
TpTrace Information: 0 : 16832, 7, 2024/07/04, 10:42:16.567, 1694646129892, datacollector.dll, DataCollectionTestCaseEventHandler: Test case 'SimpleAdd - 2edd2459-37da-4a95-8ee4-e8534bbe24b6' started.
TpTrace Information: 0 : 16832, 7, 2024/07/04, 10:42:16.568, 1694646137389, datacollector.dll, DataCollectionTestCaseEventHandler: Test case completing.
TpTrace Information: 0 : 16832, 7, 2024/07/04, 10:42:16.568, 1694646144177, datacollector.dll, BlameCollector.EventsTestCaseEnd: Test Case End
TpTrace Verbose: 0 : 16832, 7, 2024/07/04, 10:42:16.568, 1694646144607, datacollector.dll, MulticastDelegateUtilities.SafeInvoke: DataCollectionEvents.TestCaseEnd: Invoking callback 1/1 for Microsoft.TestPlatform.Extensions.BlameDataCollector.BlameCollector., took 0 ms.
TpTrace Information: 0 : 16832, 7, 2024/07/04, 10:42:16.568, 1694646146198, datacollector.dll, DataCollectionTestCaseEventHandler: Test case 'SimpleAdd - 2edd2459-37da-4a95-8ee4-e8534bbe24b6' completed
TpTrace Information: 0 : 16832, 7, 2024/07/04, 10:42:16.569, 1694646154769, datacollector.dll, DataCollectionTestCaseEventHandler: Test case starting.
TpTrace Information: 0 : 16832, 7, 2024/07/04, 10:42:16.570, 1694646162976, datacollector.dll, BlameCollector.EventsTestCaseStart: Test Case Start
TpTrace Verbose: 0 : 16832, 7, 2024/07/04, 10:42:16.570, 1694646163360, datacollector.dll, MulticastDelegateUtilities.SafeInvoke: DataCollectionEvents.TestCaseStart: Invoking callback 1/1 for Microsoft.TestPlatform.Extensions.BlameDataCollector.BlameCollector., took 0 ms.
TpTrace Information: 0 : 16832, 7, 2024/07/04, 10:42:16.570, 1694646163887, datacollector.dll, DataCollectionTestCaseEventHandler: Test case 'SimpleBagAdd - a6f7ba41-9f90-f8f8-6a1e-1f2df3bc647d' started.
TpTrace Information: 0 : 16832, 7, 2024/07/04, 10:42:16.571, 1694646169880, datacollector.dll, DataCollectionTestCaseEventHandler: Test case completing.
TpTrace Information: 0 : 16832, 7, 2024/07/04, 10:42:16.571, 1694646173093, datacollector.dll, BlameCollector.EventsTestCaseEnd: Test Case End
TpTrace Verbose: 0 : 16832, 7, 2024/07/04, 10:42:16.571, 1694646173650, datacollector.dll, MulticastDelegateUtilities.SafeInvoke: DataCollectionEvents.TestCaseEnd: Invoking callback 1/1 for Microsoft.TestPlatform.Extensions.BlameDataCollector.BlameCollector., took 0 ms.
TpTrace Information: 0 : 16832, 7, 2024/07/04, 10:42:16.571, 1694646174290, datacollector.dll, DataCollectionTestCaseEventHandler: Test case 'SimpleBagAdd - a6f7ba41-9f90-f8f8-6a1e-1f2df3bc647d' completed
TpTrace Information: 0 : 16832, 7, 2024/07/04, 10:42:16.574, 1694646197152, datacollector.dll, DataCollectionTestCaseEventHandler: Test case starting.
TpTrace Information: 0 : 16832, 7, 2024/07/04, 10:42:16.574, 1694646204561, datacollector.dll, BlameCollector.EventsTestCaseStart: Test Case Start
TpTrace Verbose: 0 : 16832, 7, 2024/07/04, 10:42:16.574, 1694646205128, datacollector.dll, MulticastDelegateUtilities.SafeInvoke: DataCollectionEvents.TestCaseStart: Invoking callback 1/1 for Microsoft.TestPlatform.Extensions.BlameDataCollector.BlameCollector., took 0 ms.
TpTrace Information: 0 : 16832, 7, 2024/07/04, 10:42:16.575, 1694646207211, datacollector.dll, DataCollectionTestCaseEventHandler: Test case 'SimpleMultiply - afb17805-0d54-1ea7-02db-bd011c814941' started.
TpTrace Information: 0 : 16832, 7, 2024/07/04, 10:42:16.575, 1694646215921, datacollector.dll, DataCollectionTestCaseEventHandler: Test case completing.
TpTrace Information: 0 : 16832, 7, 2024/07/04, 10:42:16.576, 1694646220875, datacollector.dll, BlameCollector.EventsTestCaseEnd: Test Case End
TpTrace Verbose: 0 : 16832, 7, 2024/07/04, 10:42:16.576, 1694646221237, datacollector.dll, MulticastDelegateUtilities.SafeInvoke: DataCollectionEvents.TestCaseEnd: Invoking callback 1/1 for Microsoft.TestPlatform.Extensions.BlameDataCollector.BlameCollector., took 0 ms.
TpTrace Information: 0 : 16832, 7, 2024/07/04, 10:42:16.576, 1694646221854, datacollector.dll, DataCollectionTestCaseEventHandler: Test case 'SimpleMultiply - afb17805-0d54-1ea7-02db-bd011c814941' completed
TpTrace Information: 0 : 16832, 7, 2024/07/04, 10:42:16.577, 1694646227030, datacollector.dll, DataCollectionTestCaseEventHandler: Test case starting.
TpTrace Information: 0 : 16832, 7, 2024/07/04, 10:42:16.577, 1694646233503, datacollector.dll, BlameCollector.EventsTestCaseStart: Test Case Start
TpTrace Verbose: 0 : 16832, 7, 2024/07/04, 10:42:16.577, 1694646233875, datacollector.dll, MulticastDelegateUtilities.SafeInvoke: DataCollectionEvents.TestCaseStart: Invoking callback 1/1 for Microsoft.TestPlatform.Extensions.BlameDataCollector.BlameCollector., took 0 ms.
TpTrace Information: 0 : 16832, 7, 2024/07/04, 10:42:16.577, 1694646235001, datacollector.dll, DataCollectionTestCaseEventHandler: Test case 'SimpleNegate - c808b1ad-52ac-56ad-d002-d022e87e14e4' started.
TpTrace Information: 0 : 16832, 7, 2024/07/04, 10:42:16.578, 1694646238698, datacollector.dll, DataCollectionTestCaseEventHandler: Test case completing.
TpTrace Information: 0 : 16832, 7, 2024/07/04, 10:42:16.578, 1694646244136, datacollector.dll, BlameCollector.EventsTestCaseEnd: Test Case End
TpTrace Verbose: 0 : 16832, 7, 2024/07/04, 10:42:16.578, 1694646244508, datacollector.dll, MulticastDelegateUtilities.SafeInvoke: DataCollectionEvents.TestCaseEnd: Invoking callback 1/1 for Microsoft.TestPlatform.Extensions.BlameDataCollector.BlameCollector., took 0 ms.
TpTrace Information: 0 : 16832, 7, 2024/07/04, 10:42:16.578, 1694646245191, datacollector.dll, DataCollectionTestCaseEventHandler: Test case 'SimpleNegate - c808b1ad-52ac-56ad-d002-d022e87e14e4' completed
TpTrace Information: 0 : 16832, 7, 2024/07/04, 10:42:16.579, 1694646248945, datacollector.dll, DataCollectionTestCaseEventHandler: Test case starting.
TpTrace Information: 0 : 16832, 7, 2024/07/04, 10:42:16.579, 1694646252960, datacollector.dll, BlameCollector.EventsTestCaseStart: Test Case Start
TpTrace Verbose: 0 : 16832, 7, 2024/07/04, 10:42:16.579, 1694646253331, datacollector.dll, MulticastDelegateUtilities.SafeInvoke: DataCollectionEvents.TestCaseStart: Invoking callback 1/1 for Microsoft.TestPlatform.Extensions.BlameDataCollector.BlameCollector., took 0 ms.
TpTrace Information: 0 : 16832, 7, 2024/07/04, 10:42:16.579, 1694646253829, datacollector.dll, DataCollectionTestCaseEventHandler: Test case 'SimpleSubtract - 32bc2e60-83d4-98ac-62d2-c93c9e88b0e5' started.
TpTrace Information: 0 : 16832, 7, 2024/07/04, 10:42:16.580, 1694646257578, datacollector.dll, DataCollectionTestCaseEventHandler: Test case completing.
TpTrace Information: 0 : 16832, 7, 2024/07/04, 10:42:16.580, 1694646263506, datacollector.dll, BlameCollector.EventsTestCaseEnd: Test Case End
TpTrace Verbose: 0 : 16832, 7, 2024/07/04, 10:42:16.580, 1694646263904, datacollector.dll, MulticastDelegateUtilities.SafeInvoke: DataCollectionEvents.TestCaseEnd: Invoking callback 1/1 for Microsoft.TestPlatform.Extensions.BlameDataCollector.BlameCollector., took 0 ms.
TpTrace Information: 0 : 16832, 7, 2024/07/04, 10:42:16.580, 1694646265110, datacollector.dll, DataCollectionTestCaseEventHandler: Test case 'SimpleSubtract - 32bc2e60-83d4-98ac-62d2-c93c9e88b0e5' completed
TpTrace Information: 0 : 16832, 7, 2024/07/04, 10:42:16.590, 1694646357714, datacollector.dll, DataCollectionTestCaseEventHandler: Test session ended
TpTrace Information: 0 : 16832, 1, 2024/07/04, 10:42:16.622, 1694646677146, datacollector.dll, DataCollectionRequestHandler.ProcessRequests: Datacollector received message: (DataCollection.AfterTestRunEnd) -> {"MessageType":"DataCollection.AfterTestRunEnd","Payload":false}
TpTrace Information: 0 : 16832, 1, 2024/07/04, 10:42:16.622, 1694646683552, datacollector.dll, Blame Collector: Session End
TpTrace Information: 0 : 16832, 1, 2024/07/04, 10:42:16.622, 1694646684205, datacollector.dll, BlameCollector.CollectDumpAndAbortTesthost: Custom path to dump directory was provided via VSTEST_DUMP_PATH. Skipping attachment upload, the caller is responsible for collecting and uploading the dumps themselves.
TpTrace Verbose: 0 : 16832, 1, 2024/07/04, 10:42:16.622, 1694646684605, datacollector.dll, MulticastDelegateUtilities.SafeInvoke: DataCollectionEvents.SessionEnd: Invoking callback 1/1 for Microsoft.TestPlatform.Extensions.BlameDataCollector.BlameCollector., took 0 ms.
TpTrace Information: 0 : 16832, 1, 2024/07/04, 10:42:16.623, 1694646688049, datacollector.dll, DataCollectionManager.CleanupPlugins: CleanupPlugins called
TpTrace Verbose: 0 : 16832, 1, 2024/07/04, 10:42:16.623, 1694646688338, datacollector.dll, DataCollectionManager.CleanupPlugins: Cleaning up 1 plugins
TpTrace Verbose: 0 : 16832, 1, 2024/07/04, 10:42:16.623, 1694646688969, datacollector.dll, dataCollectorInfo.DisposeDataCollector: calling Dispose() on Microsoft.TestPlatform.Extensions.BlameDataCollector.BlameCollector
TpTrace Information: 0 : 16832, 1, 2024/07/04, 10:42:16.623, 1694646689349, datacollector.dll, DataCollectionManager.CleanupPlugins: CleanupPlugins finished
TpTrace Information: 0 : 16832, 1, 2024/07/04, 10:42:16.625, 1694646712026, datacollector.dll, DataCollectionRequestHandler.ProcessRequests : Session End message received from server. Closing the connection.
TpTrace Information: 0 : 16832, 1, 2024/07/04, 10:42:16.625, 1694646713190, datacollector.dll, Closing the connection !
TpTrace Information: 0 : 16832, 1, 2024/07/04, 10:42:16.625, 1694646713383, datacollector.dll, DataCollectionRequestHandler.ProcessRequests : DataCollection completed
TpTrace Information: 0 : 16832, 1, 2024/07/04, 10:42:16.625, 1694646713505, datacollector.dll, Program.Main: exiting datacollector process.
