TpTrace Verbose: 0 : 28208, 1, 2024/07/04, 10:41:51.448, 1694394939680, datacollector.dll, Version: 17.9.0-release-23627-01
TpTrace Information: 0 : 28208, 1, 2024/07/04, 10:41:51.450, 1694394965766, datacollector.dll, DataCollectorMain.Run: Starting data collector run with args: --port,56033,--parentprocessid,3432,--diag,C:\Stuart\Projects\nunit-csharp-samples-master\nunit-csharp-samples-master\syntax\bin\Debug\net6.0\fine-code-coverage\coverage-tool-output\diagnostics.datacollector.24-07-04_10-41-51_35357_5.log,--tracelevel,4
TpTrace Information: 0 : 28208, 1, 2024/07/04, 10:41:51.451, 1694394967968, datacollector.dll, DataCollector: Monitoring parent process with id: '3432'
TpTrace Information: 0 : 28208, 1, 2024/07/04, 10:41:51.456, 1694395019003, datacollector.dll, Trying to connect to server on socket : 127.0.0.1:56033 
TpTrace Verbose: 0 : 28208, 1, 2024/07/04, 10:41:51.461, 1694395074714, datacollector.dll, SocketCommunicationManager : SetupClientAsync : Attempting to connect to the server.
TpTrace Information: 0 : 28208, 9, 2024/07/04, 10:41:51.467, 1694395127399, datacollector.dll, Connected to the server successfully 
TpTrace Information: 0 : 28208, 9, 2024/07/04, 10:41:51.467, 1694395128120, datacollector.dll, Using the buffer size of 16384 bytes
TpTrace Information: 0 : 28208, 1, 2024/07/04, 10:41:51.528, 1694395738662, datacollector.dll, DataCollector: Start Request Processing.
TpTrace Verbose: 0 : 28208, 1, 2024/07/04, 10:41:51.528, 1694395740206, datacollector.dll, SocketCommunicationManager.WaitForServerConnection took: 0 ms, with 90000 ms timeout, and finished with True.
TpTrace Information: 0 : 28208, 1, 2024/07/04, 10:41:51.528, 1694395742432, datacollector.dll, DataCollectionRequestHandler.ProcessRequests: Datacollector received message: (DataCollection.BeforeTestRunStart) -> {"MessageType":"DataCollection.BeforeTestRunStart","Payload":{"SettingsXml":"<RunSettings><RunConfiguration><ResultsDirectory>C:\\Stuart\\Projects\\nunit-csharp-samples-master\\nunit-csharp-samples-master\\syntax\\bin\\Debug\\net6.0\\fine-code-coverage\\coverage-tool-output</ResultsDirectory><TargetPlatform>X64</TargetPlatform><TargetFrameworkVersion>.NETCoreApp,Version=v6.0</TargetFrameworkVersion><DesignMode>False</DesignMode><CollectSourceInformation>False</CollectSourceInformation><TestAdaptersPaths>C:\\Program Files\\dotnet\\sdk\\8.0.200\\Extensions</TestAdaptersPaths></RunConfiguration><LoggerRunSettings><Loggers><Logger friendlyName=\"blame\" enabled=\"True\" /><Logger friendlyName=\"Console\" uri=\"logger://microsoft/TestPlatform/ConsoleLogger/v1\" assemblyQualifiedName=\"Microsoft.VisualStudio.TestPlatform.CommandLine.Internal.ConsoleLogger, vstest.console, Version=15.0.0.0, Culture=neutral, PublicKeyToken=b03f5f7f11d50a3a\" codeBase=\"C:\\Program Files\\dotnet\\sdk\\8.0.200\\vstest.console.dll\" enabled=\"True\" /></Loggers></LoggerRunSettings><DataCollectionRunSettings><DataCollectors><DataCollector friendlyName=\"blame\" enabled=\"True\"><Configuration><ResultsDirectory>C:\\Stuart\\Projects\\nunit-csharp-samples-master\\nunit-csharp-samples-master\\syntax\\bin\\Debug\\net6.0\\fine-code-coverage\\coverage-tool-output</ResultsDirectory></Configuration></DataCollector></DataCollectors></DataCollectionRunSettings></RunSettings>","Sources":["C:\\Stuart\\Projects\\nunit-csharp-samples-master\\nunit-csharp-samples-master\\syntax\\bin\\Debug\\net6.0\\fine-code-coverage\\build-output\\AssertSyntax.dll"],"IsTelemetryOptedIn":false}}
TpTrace Verbose: 0 : 28208, 1, 2024/07/04, 10:41:51.557, 1694396035175, datacollector.dll, TestPluginCache: Update extensions started. Skip filter = False
TpTrace Verbose: 0 : 28208, 1, 2024/07/04, 10:41:51.558, 1694396039383, datacollector.dll, TestPluginCache: Using directories for assembly resolution 'C:\Program Files\dotnet\sdk\8.0.200\Extensions'.
TpTrace Verbose: 0 : 28208, 1, 2024/07/04, 10:41:51.558, 1694396039752, datacollector.dll, TestPluginCache: Updated the available extensions to 'C:\Program Files\dotnet\sdk\8.0.200\Extensions\Microsoft.TestPlatform.Extensions.BlameDataCollector.dll,C:\Program Files\dotnet\sdk\8.0.200\Extensions\Microsoft.TestPlatform.Extensions.EventLogCollector.dll'.
TpTrace Verbose: 0 : 28208, 1, 2024/07/04, 10:41:51.564, 1694396101559, datacollector.dll, TestPluginCache.DiscoverTestExtensions: finding test extensions in assemblies ends with: Collector.dll TPluginInfo: Microsoft.VisualStudio.TestPlatform.Common.DataCollector.DataCollectorConfig TExtension: Microsoft.VisualStudio.TestPlatform.ObjectModel.DataCollection.DataCollector
TpTrace Verbose: 0 : 28208, 1, 2024/07/04, 10:41:51.565, 1694396111486, datacollector.dll, TestPluginCache.GetExtensionPaths: Filtered extension paths: C:\Program Files\dotnet\sdk\8.0.200\Extensions\Microsoft.TestPlatform.Extensions.BlameDataCollector.dll
C:\Program Files\dotnet\sdk\8.0.200\Extensions\Microsoft.TestPlatform.Extensions.EventLogCollector.dll
TpTrace Verbose: 0 : 28208, 1, 2024/07/04, 10:41:51.565, 1694396111968, datacollector.dll, TestPluginCache.GetExtensionPaths: Added default extension paths: 
TpTrace Verbose: 0 : 28208, 1, 2024/07/04, 10:41:51.565, 1694396112084, datacollector.dll, TestPluginCache.GetExtensionPaths: Added unfilterableExtensionPaths: 
TpTrace Information: 0 : 28208, 1, 2024/07/04, 10:41:51.565, 1694396115547, datacollector.dll, AssemblyResolver.ctor: Creating AssemblyResolver with searchDirectories C:\Program Files\dotnet\sdk\8.0.200\Extensions,C:\Program Files\dotnet\sdk\8.0.200
TpTrace Verbose: 0 : 28208, 1, 2024/07/04, 10:41:51.566, 1694396125565, datacollector.dll, TestPluginCache.DiscoverTestExtensions: Discovering the extensions using extension path.
TpTrace Verbose: 0 : 28208, 1, 2024/07/04, 10:41:51.566, 1694396126458, datacollector.dll, TestPluginCache.GetExtensionPaths: Filtered extension paths: C:\Program Files\dotnet\sdk\8.0.200\Extensions\Microsoft.TestPlatform.Extensions.BlameDataCollector.dll
C:\Program Files\dotnet\sdk\8.0.200\Extensions\Microsoft.TestPlatform.Extensions.EventLogCollector.dll
TpTrace Verbose: 0 : 28208, 1, 2024/07/04, 10:41:51.566, 1694396126634, datacollector.dll, TestPluginCache.GetExtensionPaths: Added default extension paths: 
TpTrace Verbose: 0 : 28208, 1, 2024/07/04, 10:41:51.566, 1694396126741, datacollector.dll, TestPluginCache.GetExtensionPaths: Added unfilterableExtensionPaths: 
TpTrace Verbose: 0 : 28208, 1, 2024/07/04, 10:41:51.567, 1694396127024, datacollector.dll, TestPluginCache.DiscoverTestExtensions: Discovering the extensions using allExtensionPaths: C:\Program Files\dotnet\sdk\8.0.200\Extensions\Microsoft.TestPlatform.Extensions.BlameDataCollector.dll
C:\Program Files\dotnet\sdk\8.0.200\Extensions\Microsoft.TestPlatform.Extensions.EventLogCollector.dll
TpTrace Information: 0 : 28208, 1, 2024/07/04, 10:41:51.567, 1694396127496, datacollector.dll, AssemblyResolver.AddSearchDirectories: Adding more searchDirectories C:\Program Files\dotnet\sdk\8.0.200\Extensions,C:\Program Files\dotnet\sdk\8.0.200
TpTrace Information: 0 : 28208, 1, 2024/07/04, 10:41:51.567, 1694396127686, datacollector.dll, AssemblyResolver.AddSearchDirectories: Adding more searchDirectories C:\Program Files\dotnet\sdk\8.0.200\Extensions,C:\Program Files\dotnet\sdk\8.0.200
TpTrace Information: 0 : 28208, 1, 2024/07/04, 10:41:51.567, 1694396131014, datacollector.dll, AssemblyResolver.OnResolve: Microsoft.TestPlatform.Extensions.BlameDataCollector: Resolving assembly.
TpTrace Information: 0 : 28208, 1, 2024/07/04, 10:41:51.567, 1694396131936, datacollector.dll, AssemblyResolver.OnResolve: Microsoft.TestPlatform.Extensions.BlameDataCollector: Searching in: 'C:\Program Files\dotnet\sdk\8.0.200\Extensions'.
TpTrace Information: 0 : 28208, 1, 2024/07/04, 10:41:51.573, 1694396190921, datacollector.dll, AssemblyResolver.OnResolve: Microsoft.TestPlatform.Extensions.BlameDataCollector: Loading assembly 'C:\Program Files\dotnet\sdk\8.0.200\Extensions\Microsoft.TestPlatform.Extensions.BlameDataCollector.dll'.
TpTrace Information: 0 : 28208, 1, 2024/07/04, 10:41:51.574, 1694396197645, datacollector.dll, AssemblyResolver.OnResolve: Resolved assembly: Microsoft.TestPlatform.Extensions.BlameDataCollector, from path: C:\Program Files\dotnet\sdk\8.0.200\Extensions\Microsoft.TestPlatform.Extensions.BlameDataCollector.dll
TpTrace Verbose: 0 : 28208, 1, 2024/07/04, 10:41:51.578, 1694396243388, datacollector.dll, MetadataReaderExtensionsHelper: Discovering extensions inside assembly 'Microsoft.TestPlatform.Extensions.BlameDataCollector, Version=15.0.0.0, Culture=neutral, PublicKeyToken=b03f5f7f11d50a3a' file path 'C:\Program Files\dotnet\sdk\8.0.200\Extensions\Microsoft.TestPlatform.Extensions.BlameDataCollector.dll'
TpTrace Error: 0 : 28208, 1, 2024/07/04, 10:41:51.580, 1694396263115, datacollector.dll, The type "Microsoft.TestPlatform.Extensions.BlameDataCollector.BlameCollector" defined in "Microsoft.TestPlatform.Extensions.BlameDataCollector.dll" does not have ExtensionUri attribute.
TpTrace Information: 0 : 28208, 1, 2024/07/04, 10:41:51.582, 1694396282099, datacollector.dll, GetTestExtensionFromType: Register extension with identifier data 'datacollector://microsoft/TestPlatform/Extensions/Blame/v1' and type 'Microsoft.TestPlatform.Extensions.BlameDataCollector.BlameCollector, Microsoft.TestPlatform.Extensions.BlameDataCollector, Version=15.0.0.0, Culture=neutral, PublicKeyToken=b03f5f7f11d50a3a' inside file 'C:\Program Files\dotnet\sdk\8.0.200\Extensions\Microsoft.TestPlatform.Extensions.BlameDataCollector.dll'
TpTrace Information: 0 : 28208, 1, 2024/07/04, 10:41:51.582, 1694396283027, datacollector.dll, AssemblyResolver.OnResolve: Microsoft.TestPlatform.Extensions.EventLogCollector: Resolving assembly.
TpTrace Information: 0 : 28208, 1, 2024/07/04, 10:41:51.582, 1694396283275, datacollector.dll, AssemblyResolver.OnResolve: Microsoft.TestPlatform.Extensions.EventLogCollector: Searching in: 'C:\Program Files\dotnet\sdk\8.0.200\Extensions'.
TpTrace Information: 0 : 28208, 1, 2024/07/04, 10:41:51.583, 1694396287596, datacollector.dll, AssemblyResolver.OnResolve: Microsoft.TestPlatform.Extensions.EventLogCollector: Loading assembly 'C:\Program Files\dotnet\sdk\8.0.200\Extensions\Microsoft.TestPlatform.Extensions.EventLogCollector.dll'.
TpTrace Information: 0 : 28208, 1, 2024/07/04, 10:41:51.583, 1694396291955, datacollector.dll, AssemblyResolver.OnResolve: Resolved assembly: Microsoft.TestPlatform.Extensions.EventLogCollector, from path: C:\Program Files\dotnet\sdk\8.0.200\Extensions\Microsoft.TestPlatform.Extensions.EventLogCollector.dll
TpTrace Verbose: 0 : 28208, 1, 2024/07/04, 10:41:51.583, 1694396292527, datacollector.dll, MetadataReaderExtensionsHelper: Discovering extensions inside assembly 'Microsoft.TestPlatform.Extensions.EventLogCollector, Version=15.0.0.0, Culture=neutral, PublicKeyToken=b03f5f7f11d50a3a' file path 'C:\Program Files\dotnet\sdk\8.0.200\Extensions\Microsoft.TestPlatform.Extensions.EventLogCollector.dll'
TpTrace Error: 0 : 28208, 1, 2024/07/04, 10:41:51.585, 1694396308570, datacollector.dll, The type "Microsoft.TestPlatform.Extensions.EventLogCollector.EventLogDataCollector" defined in "Microsoft.TestPlatform.Extensions.EventLogCollector.dll" does not have ExtensionUri attribute.
TpTrace Information: 0 : 28208, 1, 2024/07/04, 10:41:51.585, 1694396310481, datacollector.dll, GetTestExtensionFromType: Register extension with identifier data 'datacollector://microsoft/EventLog/2.0' and type 'Microsoft.TestPlatform.Extensions.EventLogCollector.EventLogDataCollector, Microsoft.TestPlatform.Extensions.EventLogCollector, Version=15.0.0.0, Culture=neutral, PublicKeyToken=b03f5f7f11d50a3a' inside file 'C:\Program Files\dotnet\sdk\8.0.200\Extensions\Microsoft.TestPlatform.Extensions.EventLogCollector.dll'
TpTrace Verbose: 0 : 28208, 1, 2024/07/04, 10:41:51.585, 1694396312143, datacollector.dll, TestPluginCache: Discovered the extensions using extension path 'C:\Program Files\dotnet\sdk\8.0.200\Extensions\Microsoft.TestPlatform.Extensions.BlameDataCollector.dll,C:\Program Files\dotnet\sdk\8.0.200\Extensions\Microsoft.TestPlatform.Extensions.EventLogCollector.dll'.
TpTrace Verbose: 0 : 28208, 1, 2024/07/04, 10:41:51.585, 1694396312479, datacollector.dll, TestPluginCache: Discoverers are ''.
TpTrace Verbose: 0 : 28208, 1, 2024/07/04, 10:41:51.585, 1694396312623, datacollector.dll, TestPluginCache: Executors are ''.
TpTrace Verbose: 0 : 28208, 1, 2024/07/04, 10:41:51.585, 1694396312732, datacollector.dll, TestPluginCache: Executors2 are ''.
TpTrace Verbose: 0 : 28208, 1, 2024/07/04, 10:41:51.585, 1694396312830, datacollector.dll, TestPluginCache: Setting providers are ''.
TpTrace Verbose: 0 : 28208, 1, 2024/07/04, 10:41:51.585, 1694396312927, datacollector.dll, TestPluginCache: Loggers are ''.
TpTrace Verbose: 0 : 28208, 1, 2024/07/04, 10:41:51.585, 1694396313023, datacollector.dll, TestPluginCache: TestHosts are ''.
TpTrace Verbose: 0 : 28208, 1, 2024/07/04, 10:41:51.585, 1694396314035, datacollector.dll, TestPluginCache: DataCollectors are 'datacollector://microsoft/TestPlatform/Extensions/Blame/v1,datacollector://microsoft/EventLog/2.0'.
TpTrace Information: 0 : 28208, 1, 2024/07/04, 10:41:51.586, 1694396322868, datacollector.dll, TestPluginManager.CreateTestExtension: Attempting to load test extension: Microsoft.TestPlatform.Extensions.BlameDataCollector.BlameCollector
TpTrace Information: 0 : 28208, 1, 2024/07/04, 10:41:51.589, 1694396353598, datacollector.dll, [MonitorPostmortemDump]Monitor enabled: 'False'
TpTrace Verbose: 0 : 28208, 1, 2024/07/04, 10:41:51.590, 1694396359852, datacollector.dll, MulticastDelegateUtilities.SafeInvoke: DataCollectionEvents.SessionStart: Invoking callbacks was skipped because there are no subscribers.
TpTrace Information: 0 : 28208, 1, 2024/07/04, 10:41:51.590, 1694396363149, datacollector.dll, Listening on Endpoint : 127.0.0.1:56035
TpTrace Information: 0 : 28208, 1, 2024/07/04, 10:41:51.595, 1694396412967, datacollector.dll, DataCollectionRequestHandler.ProcessRequests : DataCollection started.
TpTrace Information: 0 : 28208, 1, 2024/07/04, 10:41:51.612, 1694396584577, datacollector.dll, DataCollectionRequestHandler.ProcessRequests: Datacollector received message: (DataCollection.TestHostLaunched) -> {"MessageType":"DataCollection.TestHostLaunched","Payload":{"ProcessId":7304}}
TpTrace Verbose: 0 : 28208, 1, 2024/07/04, 10:41:51.614, 1694396597833, datacollector.dll, MulticastDelegateUtilities.SafeInvoke: DataCollectionEvents.TestHostLaunched: Invoking callback 1/1 for Microsoft.TestPlatform.Extensions.BlameDataCollector.BlameCollector., took 0 ms.
TpTrace Information: 0 : 28208, 7, 2024/07/04, 10:41:51.790, 1694398365419, datacollector.dll, Using the buffer size of 16384 bytes
TpTrace Verbose: 0 : 28208, 9, 2024/07/04, 10:41:51.790, 1694398365466, datacollector.dll, SocketCommunicationManager.WaitForClientConnection took: 198 ms, with 90000 ms timeout, and finished with True.
TpTrace Information: 0 : 28208, 7, 2024/07/04, 10:41:51.790, 1694398366108, datacollector.dll, Accepted Client request and set the flag
TpTrace Information: 0 : 28208, 9, 2024/07/04, 10:41:52.222, 1694402683525, datacollector.dll, DataCollectionTestCaseEventHandler: Test case starting.
TpTrace Information: 0 : 28208, 9, 2024/07/04, 10:41:52.230, 1694402761844, datacollector.dll, BlameCollector.EventsTestCaseStart: Test Case Start
TpTrace Verbose: 0 : 28208, 9, 2024/07/04, 10:41:52.230, 1694402763479, datacollector.dll, MulticastDelegateUtilities.SafeInvoke: DataCollectionEvents.TestCaseStart: Invoking callback 1/1 for Microsoft.TestPlatform.Extensions.BlameDataCollector.BlameCollector., took 0 ms.
TpTrace Information: 0 : 28208, 9, 2024/07/04, 10:41:52.230, 1694402765335, datacollector.dll, DataCollectionTestCaseEventHandler: Test case 'AllItemsTests - fad62994-7240-32cf-812b-e023382a77c0' started.
TpTrace Information: 0 : 28208, 9, 2024/07/04, 10:41:52.240, 1694402859636, datacollector.dll, DataCollectionTestCaseEventHandler: Test case completing.
TpTrace Information: 0 : 28208, 9, 2024/07/04, 10:41:52.243, 1694402892300, datacollector.dll, BlameCollector.EventsTestCaseEnd: Test Case End
TpTrace Verbose: 0 : 28208, 9, 2024/07/04, 10:41:52.243, 1694402895656, datacollector.dll, MulticastDelegateUtilities.SafeInvoke: DataCollectionEvents.TestCaseEnd: Invoking callback 1/1 for Microsoft.TestPlatform.Extensions.BlameDataCollector.BlameCollector., took 0 ms.
TpTrace Information: 0 : 28208, 9, 2024/07/04, 10:41:52.245, 1694402911811, datacollector.dll, DataCollectionTestCaseEventHandler: Test case 'AllItemsTests - fad62994-7240-32cf-812b-e023382a77c0' completed
TpTrace Information: 0 : 28208, 9, 2024/07/04, 10:41:52.251, 1694402974605, datacollector.dll, DataCollectionTestCaseEventHandler: Test case starting.
TpTrace Information: 0 : 28208, 9, 2024/07/04, 10:41:52.252, 1694402979828, datacollector.dll, BlameCollector.EventsTestCaseStart: Test Case Start
TpTrace Verbose: 0 : 28208, 9, 2024/07/04, 10:41:52.252, 1694402980350, datacollector.dll, MulticastDelegateUtilities.SafeInvoke: DataCollectionEvents.TestCaseStart: Invoking callback 1/1 for Microsoft.TestPlatform.Extensions.BlameDataCollector.BlameCollector., took 0 ms.
TpTrace Information: 0 : 28208, 9, 2024/07/04, 10:41:52.252, 1694402981356, datacollector.dll, DataCollectionTestCaseEventHandler: Test case 'AndOperator - dac4f7df-e27a-1c8c-8d04-7f7066352d03' started.
TpTrace Information: 0 : 28208, 9, 2024/07/04, 10:41:52.253, 1694402990232, datacollector.dll, DataCollectionTestCaseEventHandler: Test case completing.
TpTrace Information: 0 : 28208, 9, 2024/07/04, 10:41:52.253, 1694402994952, datacollector.dll, BlameCollector.EventsTestCaseEnd: Test Case End
TpTrace Verbose: 0 : 28208, 9, 2024/07/04, 10:41:52.253, 1694402995372, datacollector.dll, MulticastDelegateUtilities.SafeInvoke: DataCollectionEvents.TestCaseEnd: Invoking callback 1/1 for Microsoft.TestPlatform.Extensions.BlameDataCollector.BlameCollector., took 0 ms.
TpTrace Information: 0 : 28208, 9, 2024/07/04, 10:41:52.253, 1694402996321, datacollector.dll, DataCollectionTestCaseEventHandler: Test case 'AndOperator - dac4f7df-e27a-1c8c-8d04-7f7066352d03' completed
TpTrace Information: 0 : 28208, 9, 2024/07/04, 10:41:52.254, 1694403001216, datacollector.dll, DataCollectionTestCaseEventHandler: Test case starting.
TpTrace Information: 0 : 28208, 9, 2024/07/04, 10:41:52.254, 1694403004397, datacollector.dll, BlameCollector.EventsTestCaseStart: Test Case Start
TpTrace Verbose: 0 : 28208, 9, 2024/07/04, 10:41:52.254, 1694403004744, datacollector.dll, MulticastDelegateUtilities.SafeInvoke: DataCollectionEvents.TestCaseStart: Invoking callback 1/1 for Microsoft.TestPlatform.Extensions.BlameDataCollector.BlameCollector., took 0 ms.
TpTrace Information: 0 : 28208, 9, 2024/07/04, 10:41:52.254, 1694403005273, datacollector.dll, DataCollectionTestCaseEventHandler: Test case 'AssignableFromTypeTests - ec0dd5f2-2d9e-c271-ab8d-a5068e2bfc49' started.
TpTrace Information: 0 : 28208, 9, 2024/07/04, 10:41:52.255, 1694403009523, datacollector.dll, DataCollectionTestCaseEventHandler: Test case completing.
TpTrace Information: 0 : 28208, 9, 2024/07/04, 10:41:52.255, 1694403013437, datacollector.dll, BlameCollector.EventsTestCaseEnd: Test Case End
TpTrace Verbose: 0 : 28208, 9, 2024/07/04, 10:41:52.255, 1694403013798, datacollector.dll, MulticastDelegateUtilities.SafeInvoke: DataCollectionEvents.TestCaseEnd: Invoking callback 1/1 for Microsoft.TestPlatform.Extensions.BlameDataCollector.BlameCollector., took 0 ms.
TpTrace Information: 0 : 28208, 9, 2024/07/04, 10:41:52.255, 1694403014382, datacollector.dll, DataCollectionTestCaseEventHandler: Test case 'AssignableFromTypeTests - ec0dd5f2-2d9e-c271-ab8d-a5068e2bfc49' completed
TpTrace Information: 0 : 28208, 9, 2024/07/04, 10:41:52.256, 1694403018177, datacollector.dll, DataCollectionTestCaseEventHandler: Test case starting.
TpTrace Information: 0 : 28208, 9, 2024/07/04, 10:41:52.256, 1694403024419, datacollector.dll, BlameCollector.EventsTestCaseStart: Test Case Start
TpTrace Verbose: 0 : 28208, 9, 2024/07/04, 10:41:52.256, 1694403024926, datacollector.dll, MulticastDelegateUtilities.SafeInvoke: DataCollectionEvents.TestCaseStart: Invoking callback 1/1 for Microsoft.TestPlatform.Extensions.BlameDataCollector.BlameCollector., took 0 ms.
TpTrace Information: 0 : 28208, 9, 2024/07/04, 10:41:52.256, 1694403026103, datacollector.dll, DataCollectionTestCaseEventHandler: Test case 'CollectionContainsTests - c6737f04-91f0-0652-cc7e-d059588fc6b7' started.
TpTrace Information: 0 : 28208, 9, 2024/07/04, 10:41:52.257, 1694403029903, datacollector.dll, DataCollectionTestCaseEventHandler: Test case completing.
TpTrace Information: 0 : 28208, 9, 2024/07/04, 10:41:52.257, 1694403035357, datacollector.dll, BlameCollector.EventsTestCaseEnd: Test Case End
TpTrace Verbose: 0 : 28208, 9, 2024/07/04, 10:41:52.257, 1694403035686, datacollector.dll, MulticastDelegateUtilities.SafeInvoke: DataCollectionEvents.TestCaseEnd: Invoking callback 1/1 for Microsoft.TestPlatform.Extensions.BlameDataCollector.BlameCollector., took 0 ms.
TpTrace Information: 0 : 28208, 9, 2024/07/04, 10:41:52.257, 1694403036228, datacollector.dll, DataCollectionTestCaseEventHandler: Test case 'CollectionContainsTests - c6737f04-91f0-0652-cc7e-d059588fc6b7' completed
TpTrace Information: 0 : 28208, 9, 2024/07/04, 10:41:52.258, 1694403039995, datacollector.dll, DataCollectionTestCaseEventHandler: Test case starting.
TpTrace Information: 0 : 28208, 9, 2024/07/04, 10:41:52.258, 1694403044687, datacollector.dll, BlameCollector.EventsTestCaseStart: Test Case Start
TpTrace Verbose: 0 : 28208, 9, 2024/07/04, 10:41:52.258, 1694403045885, datacollector.dll, MulticastDelegateUtilities.SafeInvoke: DataCollectionEvents.TestCaseStart: Invoking callback 1/1 for Microsoft.TestPlatform.Extensions.BlameDataCollector.BlameCollector., took 0 ms.
TpTrace Information: 0 : 28208, 9, 2024/07/04, 10:41:52.258, 1694403046547, datacollector.dll, DataCollectionTestCaseEventHandler: Test case 'CollectionEquivalenceTests - 0a424bce-320d-b179-48c4-a248ec228d57' started.
TpTrace Information: 0 : 28208, 9, 2024/07/04, 10:41:52.259, 1694403051618, datacollector.dll, DataCollectionTestCaseEventHandler: Test case completing.
TpTrace Information: 0 : 28208, 9, 2024/07/04, 10:41:52.260, 1694403057047, datacollector.dll, BlameCollector.EventsTestCaseEnd: Test Case End
TpTrace Verbose: 0 : 28208, 9, 2024/07/04, 10:41:52.260, 1694403057486, datacollector.dll, MulticastDelegateUtilities.SafeInvoke: DataCollectionEvents.TestCaseEnd: Invoking callback 1/1 for Microsoft.TestPlatform.Extensions.BlameDataCollector.BlameCollector., took 0 ms.
TpTrace Information: 0 : 28208, 9, 2024/07/04, 10:41:52.260, 1694403058480, datacollector.dll, DataCollectionTestCaseEventHandler: Test case 'CollectionEquivalenceTests - 0a424bce-320d-b179-48c4-a248ec228d57' completed
TpTrace Information: 0 : 28208, 9, 2024/07/04, 10:41:52.260, 1694403062816, datacollector.dll, DataCollectionTestCaseEventHandler: Test case starting.
TpTrace Information: 0 : 28208, 9, 2024/07/04, 10:41:52.260, 1694403065616, datacollector.dll, BlameCollector.EventsTestCaseStart: Test Case Start
TpTrace Verbose: 0 : 28208, 9, 2024/07/04, 10:41:52.260, 1694403065939, datacollector.dll, MulticastDelegateUtilities.SafeInvoke: DataCollectionEvents.TestCaseStart: Invoking callback 1/1 for Microsoft.TestPlatform.Extensions.BlameDataCollector.BlameCollector., took 0 ms.
TpTrace Information: 0 : 28208, 9, 2024/07/04, 10:41:52.260, 1694403066409, datacollector.dll, DataCollectionTestCaseEventHandler: Test case 'ComparisonTests - 363705a4-da2e-4afd-be47-d7886a9207f9' started.
TpTrace Information: 0 : 28208, 9, 2024/07/04, 10:41:52.261, 1694403070571, datacollector.dll, DataCollectionTestCaseEventHandler: Test case completing.
TpTrace Information: 0 : 28208, 9, 2024/07/04, 10:41:52.261, 1694403075079, datacollector.dll, BlameCollector.EventsTestCaseEnd: Test Case End
TpTrace Verbose: 0 : 28208, 9, 2024/07/04, 10:41:52.261, 1694403075409, datacollector.dll, MulticastDelegateUtilities.SafeInvoke: DataCollectionEvents.TestCaseEnd: Invoking callback 1/1 for Microsoft.TestPlatform.Extensions.BlameDataCollector.BlameCollector., took 0 ms.
TpTrace Information: 0 : 28208, 9, 2024/07/04, 10:41:52.261, 1694403076450, datacollector.dll, DataCollectionTestCaseEventHandler: Test case 'ComparisonTests - 363705a4-da2e-4afd-be47-d7886a9207f9' completed
TpTrace Information: 0 : 28208, 9, 2024/07/04, 10:41:52.262, 1694403080770, datacollector.dll, DataCollectionTestCaseEventHandler: Test case starting.
TpTrace Information: 0 : 28208, 9, 2024/07/04, 10:41:52.262, 1694403085055, datacollector.dll, BlameCollector.EventsTestCaseStart: Test Case Start
TpTrace Verbose: 0 : 28208, 9, 2024/07/04, 10:41:52.262, 1694403085379, datacollector.dll, MulticastDelegateUtilities.SafeInvoke: DataCollectionEvents.TestCaseStart: Invoking callback 1/1 for Microsoft.TestPlatform.Extensions.BlameDataCollector.BlameCollector., took 0 ms.
TpTrace Information: 0 : 28208, 9, 2024/07/04, 10:41:52.262, 1694403085826, datacollector.dll, DataCollectionTestCaseEventHandler: Test case 'ComplexTests - 8cdc1a03-37ae-f584-7c52-aca0f2b7a4ff' started.
TpTrace Information: 0 : 28208, 9, 2024/07/04, 10:41:52.263, 1694403090434, datacollector.dll, DataCollectionTestCaseEventHandler: Test case completing.
TpTrace Information: 0 : 28208, 9, 2024/07/04, 10:41:52.263, 1694403092654, datacollector.dll, BlameCollector.EventsTestCaseEnd: Test Case End
TpTrace Verbose: 0 : 28208, 9, 2024/07/04, 10:41:52.263, 1694403092896, datacollector.dll, MulticastDelegateUtilities.SafeInvoke: DataCollectionEvents.TestCaseEnd: Invoking callback 1/1 for Microsoft.TestPlatform.Extensions.BlameDataCollector.BlameCollector., took 0 ms.
TpTrace Information: 0 : 28208, 9, 2024/07/04, 10:41:52.263, 1694403093392, datacollector.dll, DataCollectionTestCaseEventHandler: Test case 'ComplexTests - 8cdc1a03-37ae-f584-7c52-aca0f2b7a4ff' completed
TpTrace Information: 0 : 28208, 9, 2024/07/04, 10:41:52.264, 1694403098451, datacollector.dll, DataCollectionTestCaseEventHandler: Test case starting.
TpTrace Information: 0 : 28208, 9, 2024/07/04, 10:41:52.264, 1694403100742, datacollector.dll, BlameCollector.EventsTestCaseStart: Test Case Start
TpTrace Verbose: 0 : 28208, 9, 2024/07/04, 10:41:52.264, 1694403100993, datacollector.dll, MulticastDelegateUtilities.SafeInvoke: DataCollectionEvents.TestCaseStart: Invoking callback 1/1 for Microsoft.TestPlatform.Extensions.BlameDataCollector.BlameCollector., took 0 ms.
TpTrace Information: 0 : 28208, 9, 2024/07/04, 10:41:52.264, 1694403101529, datacollector.dll, DataCollectionTestCaseEventHandler: Test case 'EmptyCollectionTests - 626f430d-a0d6-34e2-8f32-70e0df8fca40' started.
TpTrace Information: 0 : 28208, 9, 2024/07/04, 10:41:52.265, 1694403107305, datacollector.dll, DataCollectionTestCaseEventHandler: Test case completing.
TpTrace Information: 0 : 28208, 9, 2024/07/04, 10:41:52.265, 1694403110073, datacollector.dll, BlameCollector.EventsTestCaseEnd: Test Case End
TpTrace Verbose: 0 : 28208, 9, 2024/07/04, 10:41:52.265, 1694403110292, datacollector.dll, MulticastDelegateUtilities.SafeInvoke: DataCollectionEvents.TestCaseEnd: Invoking callback 1/1 for Microsoft.TestPlatform.Extensions.BlameDataCollector.BlameCollector., took 0 ms.
TpTrace Information: 0 : 28208, 9, 2024/07/04, 10:41:52.265, 1694403110785, datacollector.dll, DataCollectionTestCaseEventHandler: Test case 'EmptyCollectionTests - 626f430d-a0d6-34e2-8f32-70e0df8fca40' completed
TpTrace Information: 0 : 28208, 9, 2024/07/04, 10:41:52.266, 1694403117036, datacollector.dll, DataCollectionTestCaseEventHandler: Test case starting.
TpTrace Information: 0 : 28208, 9, 2024/07/04, 10:41:52.266, 1694403119364, datacollector.dll, BlameCollector.EventsTestCaseStart: Test Case Start
TpTrace Verbose: 0 : 28208, 9, 2024/07/04, 10:41:52.266, 1694403119676, datacollector.dll, MulticastDelegateUtilities.SafeInvoke: DataCollectionEvents.TestCaseStart: Invoking callback 1/1 for Microsoft.TestPlatform.Extensions.BlameDataCollector.BlameCollector., took 0 ms.
TpTrace Information: 0 : 28208, 9, 2024/07/04, 10:41:52.266, 1694403120154, datacollector.dll, DataCollectionTestCaseEventHandler: Test case 'EmptyStringTests - 749b18ba-beae-fe8d-4ca6-23973e390d57' started.
TpTrace Information: 0 : 28208, 9, 2024/07/04, 10:41:52.266, 1694403125920, datacollector.dll, DataCollectionTestCaseEventHandler: Test case completing.
TpTrace Information: 0 : 28208, 9, 2024/07/04, 10:41:52.267, 1694403128412, datacollector.dll, BlameCollector.EventsTestCaseEnd: Test Case End
TpTrace Verbose: 0 : 28208, 9, 2024/07/04, 10:41:52.267, 1694403128705, datacollector.dll, MulticastDelegateUtilities.SafeInvoke: DataCollectionEvents.TestCaseEnd: Invoking callback 1/1 for Microsoft.TestPlatform.Extensions.BlameDataCollector.BlameCollector., took 0 ms.
TpTrace Information: 0 : 28208, 9, 2024/07/04, 10:41:52.267, 1694403129287, datacollector.dll, DataCollectionTestCaseEventHandler: Test case 'EmptyStringTests - 749b18ba-beae-fe8d-4ca6-23973e390d57' completed
TpTrace Information: 0 : 28208, 9, 2024/07/04, 10:41:52.287, 1694403333635, datacollector.dll, DataCollectionTestCaseEventHandler: Test case starting.
TpTrace Information: 0 : 28208, 9, 2024/07/04, 10:41:52.288, 1694403339931, datacollector.dll, BlameCollector.EventsTestCaseStart: Test Case Start
TpTrace Verbose: 0 : 28208, 9, 2024/07/04, 10:41:52.288, 1694403340436, datacollector.dll, MulticastDelegateUtilities.SafeInvoke: DataCollectionEvents.TestCaseStart: Invoking callback 1/1 for Microsoft.TestPlatform.Extensions.BlameDataCollector.BlameCollector., took 0 ms.
TpTrace Information: 0 : 28208, 9, 2024/07/04, 10:41:52.288, 1694403341173, datacollector.dll, DataCollectionTestCaseEventHandler: Test case 'EndsWithTests - 50ad2d24-cf76-5a39-f549-c7ca7cca2b33' started.
TpTrace Information: 0 : 28208, 9, 2024/07/04, 10:41:52.288, 1694403346386, datacollector.dll, DataCollectionTestCaseEventHandler: Test case completing.
TpTrace Information: 0 : 28208, 9, 2024/07/04, 10:41:52.289, 1694403350981, datacollector.dll, BlameCollector.EventsTestCaseEnd: Test Case End
TpTrace Verbose: 0 : 28208, 9, 2024/07/04, 10:41:52.289, 1694403351346, datacollector.dll, MulticastDelegateUtilities.SafeInvoke: DataCollectionEvents.TestCaseEnd: Invoking callback 1/1 for Microsoft.TestPlatform.Extensions.BlameDataCollector.BlameCollector., took 0 ms.
TpTrace Information: 0 : 28208, 9, 2024/07/04, 10:41:52.289, 1694403352125, datacollector.dll, DataCollectionTestCaseEventHandler: Test case 'EndsWithTests - 50ad2d24-cf76-5a39-f549-c7ca7cca2b33' completed
TpTrace Information: 0 : 28208, 9, 2024/07/04, 10:41:52.290, 1694403358913, datacollector.dll, DataCollectionTestCaseEventHandler: Test case starting.
TpTrace Information: 0 : 28208, 9, 2024/07/04, 10:41:52.290, 1694403362649, datacollector.dll, BlameCollector.EventsTestCaseStart: Test Case Start
TpTrace Verbose: 0 : 28208, 9, 2024/07/04, 10:41:52.290, 1694403363016, datacollector.dll, MulticastDelegateUtilities.SafeInvoke: DataCollectionEvents.TestCaseStart: Invoking callback 1/1 for Microsoft.TestPlatform.Extensions.BlameDataCollector.BlameCollector., took 0 ms.
TpTrace Information: 0 : 28208, 9, 2024/07/04, 10:41:52.290, 1694403363530, datacollector.dll, DataCollectionTestCaseEventHandler: Test case 'EqualIgnoringCaseTests - 15f16547-7080-0d6e-c146-6774692fac6f' started.
TpTrace Information: 0 : 28208, 9, 2024/07/04, 10:41:52.291, 1694403371767, datacollector.dll, DataCollectionTestCaseEventHandler: Test case completing.
TpTrace Information: 0 : 28208, 9, 2024/07/04, 10:41:52.291, 1694403374674, datacollector.dll, BlameCollector.EventsTestCaseEnd: Test Case End
TpTrace Verbose: 0 : 28208, 9, 2024/07/04, 10:41:52.291, 1694403375098, datacollector.dll, MulticastDelegateUtilities.SafeInvoke: DataCollectionEvents.TestCaseEnd: Invoking callback 1/1 for Microsoft.TestPlatform.Extensions.BlameDataCollector.BlameCollector., took 0 ms.
TpTrace Information: 0 : 28208, 9, 2024/07/04, 10:41:52.291, 1694403375860, datacollector.dll, DataCollectionTestCaseEventHandler: Test case 'EqualIgnoringCaseTests - 15f16547-7080-0d6e-c146-6774692fac6f' completed
TpTrace Information: 0 : 28208, 9, 2024/07/04, 10:41:52.292, 1694403380175, datacollector.dll, DataCollectionTestCaseEventHandler: Test case starting.
TpTrace Information: 0 : 28208, 9, 2024/07/04, 10:41:52.292, 1694403383819, datacollector.dll, BlameCollector.EventsTestCaseStart: Test Case Start
TpTrace Verbose: 0 : 28208, 9, 2024/07/04, 10:41:52.292, 1694403384180, datacollector.dll, MulticastDelegateUtilities.SafeInvoke: DataCollectionEvents.TestCaseStart: Invoking callback 1/1 for Microsoft.TestPlatform.Extensions.BlameDataCollector.BlameCollector., took 0 ms.
TpTrace Information: 0 : 28208, 9, 2024/07/04, 10:41:52.292, 1694403385354, datacollector.dll, DataCollectionTestCaseEventHandler: Test case 'EqualityTests - 1799ae34-8e20-955b-3cb7-1e90d9c48ab3' started.
TpTrace Information: 0 : 28208, 9, 2024/07/04, 10:41:52.293, 1694403389308, datacollector.dll, DataCollectionTestCaseEventHandler: Test case completing.
TpTrace Information: 0 : 28208, 9, 2024/07/04, 10:41:52.293, 1694403392217, datacollector.dll, BlameCollector.EventsTestCaseEnd: Test Case End
TpTrace Verbose: 0 : 28208, 9, 2024/07/04, 10:41:52.293, 1694403392538, datacollector.dll, MulticastDelegateUtilities.SafeInvoke: DataCollectionEvents.TestCaseEnd: Invoking callback 1/1 for Microsoft.TestPlatform.Extensions.BlameDataCollector.BlameCollector., took 0 ms.
TpTrace Information: 0 : 28208, 9, 2024/07/04, 10:41:52.293, 1694403393348, datacollector.dll, DataCollectionTestCaseEventHandler: Test case 'EqualityTests - 1799ae34-8e20-955b-3cb7-1e90d9c48ab3' completed
TpTrace Information: 0 : 28208, 9, 2024/07/04, 10:41:52.294, 1694403397970, datacollector.dll, DataCollectionTestCaseEventHandler: Test case starting.
TpTrace Information: 0 : 28208, 9, 2024/07/04, 10:41:52.294, 1694403402098, datacollector.dll, BlameCollector.EventsTestCaseStart: Test Case Start
TpTrace Verbose: 0 : 28208, 9, 2024/07/04, 10:41:52.294, 1694403402490, datacollector.dll, MulticastDelegateUtilities.SafeInvoke: DataCollectionEvents.TestCaseStart: Invoking callback 1/1 for Microsoft.TestPlatform.Extensions.BlameDataCollector.BlameCollector., took 0 ms.
TpTrace Information: 0 : 28208, 9, 2024/07/04, 10:41:52.294, 1694403402980, datacollector.dll, DataCollectionTestCaseEventHandler: Test case 'EqualityTestsWithTolerance - 919bdfee-82ac-4955-2c56-0cd5c8198e6c' started.
TpTrace Information: 0 : 28208, 9, 2024/07/04, 10:41:52.295, 1694403407919, datacollector.dll, DataCollectionTestCaseEventHandler: Test case completing.
TpTrace Information: 0 : 28208, 9, 2024/07/04, 10:41:52.295, 1694403410612, datacollector.dll, BlameCollector.EventsTestCaseEnd: Test Case End
TpTrace Verbose: 0 : 28208, 9, 2024/07/04, 10:41:52.295, 1694403411056, datacollector.dll, MulticastDelegateUtilities.SafeInvoke: DataCollectionEvents.TestCaseEnd: Invoking callback 1/1 for Microsoft.TestPlatform.Extensions.BlameDataCollector.BlameCollector., took 0 ms.
TpTrace Information: 0 : 28208, 9, 2024/07/04, 10:41:52.295, 1694403411829, datacollector.dll, DataCollectionTestCaseEventHandler: Test case 'EqualityTestsWithTolerance - 919bdfee-82ac-4955-2c56-0cd5c8198e6c' completed
TpTrace Information: 0 : 28208, 9, 2024/07/04, 10:41:52.296, 1694403420481, datacollector.dll, DataCollectionTestCaseEventHandler: Test case starting.
TpTrace Information: 0 : 28208, 9, 2024/07/04, 10:41:52.296, 1694403424482, datacollector.dll, BlameCollector.EventsTestCaseStart: Test Case Start
TpTrace Verbose: 0 : 28208, 9, 2024/07/04, 10:41:52.296, 1694403424884, datacollector.dll, MulticastDelegateUtilities.SafeInvoke: DataCollectionEvents.TestCaseStart: Invoking callback 1/1 for Microsoft.TestPlatform.Extensions.BlameDataCollector.BlameCollector., took 0 ms.
TpTrace Information: 0 : 28208, 9, 2024/07/04, 10:41:52.296, 1694403425511, datacollector.dll, DataCollectionTestCaseEventHandler: Test case 'EqualityTestsWithTolerance_MixedFloatAndDouble - b3a29cce-8439-7b66-aa94-02c39ebd797b' started.
TpTrace Information: 0 : 28208, 9, 2024/07/04, 10:41:52.297, 1694403429586, datacollector.dll, DataCollectionTestCaseEventHandler: Test case completing.
TpTrace Information: 0 : 28208, 9, 2024/07/04, 10:41:52.297, 1694403432106, datacollector.dll, BlameCollector.EventsTestCaseEnd: Test Case End
TpTrace Verbose: 0 : 28208, 9, 2024/07/04, 10:41:52.297, 1694403432423, datacollector.dll, MulticastDelegateUtilities.SafeInvoke: DataCollectionEvents.TestCaseEnd: Invoking callback 1/1 for Microsoft.TestPlatform.Extensions.BlameDataCollector.BlameCollector., took 0 ms.
TpTrace Information: 0 : 28208, 9, 2024/07/04, 10:41:52.297, 1694403432962, datacollector.dll, DataCollectionTestCaseEventHandler: Test case 'EqualityTestsWithTolerance_MixedFloatAndDouble - b3a29cce-8439-7b66-aa94-02c39ebd797b' completed
TpTrace Information: 0 : 28208, 9, 2024/07/04, 10:41:52.298, 1694403439150, datacollector.dll, DataCollectionTestCaseEventHandler: Test case starting.
TpTrace Information: 0 : 28208, 9, 2024/07/04, 10:41:52.298, 1694403445585, datacollector.dll, BlameCollector.EventsTestCaseStart: Test Case Start
TpTrace Verbose: 0 : 28208, 9, 2024/07/04, 10:41:52.298, 1694403445923, datacollector.dll, MulticastDelegateUtilities.SafeInvoke: DataCollectionEvents.TestCaseStart: Invoking callback 1/1 for Microsoft.TestPlatform.Extensions.BlameDataCollector.BlameCollector., took 0 ms.
TpTrace Information: 0 : 28208, 9, 2024/07/04, 10:41:52.299, 1694403446965, datacollector.dll, DataCollectionTestCaseEventHandler: Test case 'EqualityTestsWithTolerance_MixingTypesGenerally - 88bf3634-59d0-23b2-53ec-365f2cfad859' started.
TpTrace Information: 0 : 28208, 9, 2024/07/04, 10:41:52.299, 1694403453410, datacollector.dll, DataCollectionTestCaseEventHandler: Test case completing.
TpTrace Information: 0 : 28208, 9, 2024/07/04, 10:41:52.299, 1694403456511, datacollector.dll, BlameCollector.EventsTestCaseEnd: Test Case End
TpTrace Verbose: 0 : 28208, 9, 2024/07/04, 10:41:52.299, 1694403456871, datacollector.dll, MulticastDelegateUtilities.SafeInvoke: DataCollectionEvents.TestCaseEnd: Invoking callback 1/1 for Microsoft.TestPlatform.Extensions.BlameDataCollector.BlameCollector., took 0 ms.
TpTrace Information: 0 : 28208, 9, 2024/07/04, 10:41:52.300, 1694403457616, datacollector.dll, DataCollectionTestCaseEventHandler: Test case 'EqualityTestsWithTolerance_MixingTypesGenerally - 88bf3634-59d0-23b2-53ec-365f2cfad859' completed
TpTrace Information: 0 : 28208, 9, 2024/07/04, 10:41:52.300, 1694403464401, datacollector.dll, DataCollectionTestCaseEventHandler: Test case starting.
TpTrace Information: 0 : 28208, 9, 2024/07/04, 10:41:52.301, 1694403469999, datacollector.dll, BlameCollector.EventsTestCaseStart: Test Case Start
TpTrace Verbose: 0 : 28208, 9, 2024/07/04, 10:41:52.301, 1694403470508, datacollector.dll, MulticastDelegateUtilities.SafeInvoke: DataCollectionEvents.TestCaseStart: Invoking callback 1/1 for Microsoft.TestPlatform.Extensions.BlameDataCollector.BlameCollector., took 0 ms.
TpTrace Information: 0 : 28208, 9, 2024/07/04, 10:41:52.301, 1694403471255, datacollector.dll, DataCollectionTestCaseEventHandler: Test case 'ExactTypeTests - 9d4ad6f9-8e39-a554-a6ea-da2ae7cb04eb' started.
TpTrace Information: 0 : 28208, 9, 2024/07/04, 10:41:52.301, 1694403475969, datacollector.dll, DataCollectionTestCaseEventHandler: Test case completing.
TpTrace Information: 0 : 28208, 9, 2024/07/04, 10:41:52.302, 1694403481490, datacollector.dll, BlameCollector.EventsTestCaseEnd: Test Case End
TpTrace Verbose: 0 : 28208, 9, 2024/07/04, 10:41:52.302, 1694403482109, datacollector.dll, MulticastDelegateUtilities.SafeInvoke: DataCollectionEvents.TestCaseEnd: Invoking callback 1/1 for Microsoft.TestPlatform.Extensions.BlameDataCollector.BlameCollector., took 0 ms.
TpTrace Information: 0 : 28208, 9, 2024/07/04, 10:41:52.302, 1694403482928, datacollector.dll, DataCollectionTestCaseEventHandler: Test case 'ExactTypeTests - 9d4ad6f9-8e39-a554-a6ea-da2ae7cb04eb' completed
TpTrace Information: 0 : 28208, 9, 2024/07/04, 10:41:52.303, 1694403490361, datacollector.dll, DataCollectionTestCaseEventHandler: Test case starting.
TpTrace Information: 0 : 28208, 9, 2024/07/04, 10:41:52.303, 1694403496401, datacollector.dll, BlameCollector.EventsTestCaseStart: Test Case Start
TpTrace Verbose: 0 : 28208, 9, 2024/07/04, 10:41:52.303, 1694403496787, datacollector.dll, MulticastDelegateUtilities.SafeInvoke: DataCollectionEvents.TestCaseStart: Invoking callback 1/1 for Microsoft.TestPlatform.Extensions.BlameDataCollector.BlameCollector., took 0 ms.
TpTrace Information: 0 : 28208, 9, 2024/07/04, 10:41:52.304, 1694403497455, datacollector.dll, DataCollectionTestCaseEventHandler: Test case 'InstanceOfTests - 02d4389b-d210-debe-39b3-c999b97bbcd8' started.
TpTrace Information: 0 : 28208, 9, 2024/07/04, 10:41:52.304, 1694403502320, datacollector.dll, DataCollectionTestCaseEventHandler: Test case completing.
TpTrace Information: 0 : 28208, 9, 2024/07/04, 10:41:52.304, 1694403506884, datacollector.dll, BlameCollector.EventsTestCaseEnd: Test Case End
TpTrace Verbose: 0 : 28208, 9, 2024/07/04, 10:41:52.305, 1694403507678, datacollector.dll, MulticastDelegateUtilities.SafeInvoke: DataCollectionEvents.TestCaseEnd: Invoking callback 1/1 for Microsoft.TestPlatform.Extensions.BlameDataCollector.BlameCollector., took 0 ms.
TpTrace Information: 0 : 28208, 9, 2024/07/04, 10:41:52.305, 1694403508410, datacollector.dll, DataCollectionTestCaseEventHandler: Test case 'InstanceOfTests - 02d4389b-d210-debe-39b3-c999b97bbcd8' completed
TpTrace Information: 0 : 28208, 9, 2024/07/04, 10:41:52.305, 1694403516528, datacollector.dll, DataCollectionTestCaseEventHandler: Test case starting.
TpTrace Information: 0 : 28208, 9, 2024/07/04, 10:41:52.306, 1694403521948, datacollector.dll, BlameCollector.EventsTestCaseStart: Test Case Start
TpTrace Verbose: 0 : 28208, 9, 2024/07/04, 10:41:52.306, 1694403522283, datacollector.dll, MulticastDelegateUtilities.SafeInvoke: DataCollectionEvents.TestCaseStart: Invoking callback 1/1 for Microsoft.TestPlatform.Extensions.BlameDataCollector.BlameCollector., took 0 ms.
TpTrace Information: 0 : 28208, 9, 2024/07/04, 10:41:52.306, 1694403522778, datacollector.dll, DataCollectionTestCaseEventHandler: Test case 'IsFalse - 38ee76c9-72e5-3500-cdb9-810d90e22b1a' started.
TpTrace Information: 0 : 28208, 9, 2024/07/04, 10:41:52.306, 1694403526310, datacollector.dll, DataCollectionTestCaseEventHandler: Test case completing.
TpTrace Information: 0 : 28208, 9, 2024/07/04, 10:41:52.307, 1694403529390, datacollector.dll, BlameCollector.EventsTestCaseEnd: Test Case End
TpTrace Verbose: 0 : 28208, 9, 2024/07/04, 10:41:52.307, 1694403529699, datacollector.dll, MulticastDelegateUtilities.SafeInvoke: DataCollectionEvents.TestCaseEnd: Invoking callback 1/1 for Microsoft.TestPlatform.Extensions.BlameDataCollector.BlameCollector., took 0 ms.
TpTrace Information: 0 : 28208, 9, 2024/07/04, 10:41:52.307, 1694403530197, datacollector.dll, DataCollectionTestCaseEventHandler: Test case 'IsFalse - 38ee76c9-72e5-3500-cdb9-810d90e22b1a' completed
TpTrace Information: 0 : 28208, 9, 2024/07/04, 10:41:52.309, 1694403551880, datacollector.dll, DataCollectionTestCaseEventHandler: Test case starting.
TpTrace Information: 0 : 28208, 9, 2024/07/04, 10:41:52.309, 1694403555729, datacollector.dll, BlameCollector.EventsTestCaseStart: Test Case Start
TpTrace Verbose: 0 : 28208, 9, 2024/07/04, 10:41:52.309, 1694403556235, datacollector.dll, MulticastDelegateUtilities.SafeInvoke: DataCollectionEvents.TestCaseStart: Invoking callback 1/1 for Microsoft.TestPlatform.Extensions.BlameDataCollector.BlameCollector., took 0 ms.
TpTrace Information: 0 : 28208, 9, 2024/07/04, 10:41:52.310, 1694403557016, datacollector.dll, DataCollectionTestCaseEventHandler: Test case 'IsNaN - 21add9ec-bd69-b04e-4d6d-9a64dc576c68' started.
TpTrace Information: 0 : 28208, 9, 2024/07/04, 10:41:52.310, 1694403562696, datacollector.dll, DataCollectionTestCaseEventHandler: Test case completing.
TpTrace Information: 0 : 28208, 9, 2024/07/04, 10:41:52.310, 1694403566742, datacollector.dll, BlameCollector.EventsTestCaseEnd: Test Case End
TpTrace Verbose: 0 : 28208, 9, 2024/07/04, 10:41:52.311, 1694403567082, datacollector.dll, MulticastDelegateUtilities.SafeInvoke: DataCollectionEvents.TestCaseEnd: Invoking callback 1/1 for Microsoft.TestPlatform.Extensions.BlameDataCollector.BlameCollector., took 0 ms.
TpTrace Information: 0 : 28208, 9, 2024/07/04, 10:41:52.311, 1694403568236, datacollector.dll, DataCollectionTestCaseEventHandler: Test case 'IsNaN - 21add9ec-bd69-b04e-4d6d-9a64dc576c68' completed
TpTrace Information: 0 : 28208, 9, 2024/07/04, 10:41:52.311, 1694403571661, datacollector.dll, DataCollectionTestCaseEventHandler: Test case starting.
TpTrace Information: 0 : 28208, 9, 2024/07/04, 10:41:52.311, 1694403574111, datacollector.dll, BlameCollector.EventsTestCaseStart: Test Case Start
TpTrace Verbose: 0 : 28208, 9, 2024/07/04, 10:41:52.311, 1694403574346, datacollector.dll, MulticastDelegateUtilities.SafeInvoke: DataCollectionEvents.TestCaseStart: Invoking callback 1/1 for Microsoft.TestPlatform.Extensions.BlameDataCollector.BlameCollector., took 0 ms.
TpTrace Information: 0 : 28208, 9, 2024/07/04, 10:41:52.311, 1694403574817, datacollector.dll, DataCollectionTestCaseEventHandler: Test case 'IsNotNull - c6617004-b0b7-3574-25b4-5387c4f17a9d' started.
TpTrace Information: 0 : 28208, 9, 2024/07/04, 10:41:52.312, 1694403580658, datacollector.dll, DataCollectionTestCaseEventHandler: Test case completing.
TpTrace Information: 0 : 28208, 9, 2024/07/04, 10:41:52.312, 1694403583863, datacollector.dll, BlameCollector.EventsTestCaseEnd: Test Case End
TpTrace Verbose: 0 : 28208, 9, 2024/07/04, 10:41:52.312, 1694403584205, datacollector.dll, MulticastDelegateUtilities.SafeInvoke: DataCollectionEvents.TestCaseEnd: Invoking callback 1/1 for Microsoft.TestPlatform.Extensions.BlameDataCollector.BlameCollector., took 0 ms.
TpTrace Information: 0 : 28208, 9, 2024/07/04, 10:41:52.312, 1694403585628, datacollector.dll, DataCollectionTestCaseEventHandler: Test case 'IsNotNull - c6617004-b0b7-3574-25b4-5387c4f17a9d' completed
TpTrace Information: 0 : 28208, 9, 2024/07/04, 10:41:52.313, 1694403590953, datacollector.dll, DataCollectionTestCaseEventHandler: Test case starting.
TpTrace Information: 0 : 28208, 9, 2024/07/04, 10:41:52.313, 1694403595250, datacollector.dll, BlameCollector.EventsTestCaseStart: Test Case Start
TpTrace Verbose: 0 : 28208, 9, 2024/07/04, 10:41:52.313, 1694403595573, datacollector.dll, MulticastDelegateUtilities.SafeInvoke: DataCollectionEvents.TestCaseStart: Invoking callback 1/1 for Microsoft.TestPlatform.Extensions.BlameDataCollector.BlameCollector., took 0 ms.
TpTrace Information: 0 : 28208, 9, 2024/07/04, 10:41:52.313, 1694403596037, datacollector.dll, DataCollectionTestCaseEventHandler: Test case 'IsNull - 3b2b020a-4f3a-99a9-3963-6e0950e899af' started.
TpTrace Information: 0 : 28208, 9, 2024/07/04, 10:41:52.314, 1694403599444, datacollector.dll, DataCollectionTestCaseEventHandler: Test case completing.
TpTrace Information: 0 : 28208, 9, 2024/07/04, 10:41:52.314, 1694403602952, datacollector.dll, BlameCollector.EventsTestCaseEnd: Test Case End
TpTrace Verbose: 0 : 28208, 9, 2024/07/04, 10:41:52.314, 1694403603321, datacollector.dll, MulticastDelegateUtilities.SafeInvoke: DataCollectionEvents.TestCaseEnd: Invoking callback 1/1 for Microsoft.TestPlatform.Extensions.BlameDataCollector.BlameCollector., took 0 ms.
TpTrace Information: 0 : 28208, 9, 2024/07/04, 10:41:52.314, 1694403603836, datacollector.dll, DataCollectionTestCaseEventHandler: Test case 'IsNull - 3b2b020a-4f3a-99a9-3963-6e0950e899af' completed
TpTrace Information: 0 : 28208, 9, 2024/07/04, 10:41:52.315, 1694403607378, datacollector.dll, DataCollectionTestCaseEventHandler: Test case starting.
TpTrace Information: 0 : 28208, 9, 2024/07/04, 10:41:52.315, 1694403611085, datacollector.dll, BlameCollector.EventsTestCaseStart: Test Case Start
TpTrace Verbose: 0 : 28208, 9, 2024/07/04, 10:41:52.315, 1694403611404, datacollector.dll, MulticastDelegateUtilities.SafeInvoke: DataCollectionEvents.TestCaseStart: Invoking callback 1/1 for Microsoft.TestPlatform.Extensions.BlameDataCollector.BlameCollector., took 0 ms.
TpTrace Information: 0 : 28208, 9, 2024/07/04, 10:41:52.315, 1694403612081, datacollector.dll, DataCollectionTestCaseEventHandler: Test case 'IsTrue - bf95edd5-393c-442b-e566-25d02ab836f2' started.
TpTrace Information: 0 : 28208, 9, 2024/07/04, 10:41:52.315, 1694403616168, datacollector.dll, DataCollectionTestCaseEventHandler: Test case completing.
TpTrace Information: 0 : 28208, 9, 2024/07/04, 10:41:52.316, 1694403619441, datacollector.dll, BlameCollector.EventsTestCaseEnd: Test Case End
TpTrace Verbose: 0 : 28208, 9, 2024/07/04, 10:41:52.316, 1694403619754, datacollector.dll, MulticastDelegateUtilities.SafeInvoke: DataCollectionEvents.TestCaseEnd: Invoking callback 1/1 for Microsoft.TestPlatform.Extensions.BlameDataCollector.BlameCollector., took 0 ms.
TpTrace Information: 0 : 28208, 9, 2024/07/04, 10:41:52.316, 1694403620300, datacollector.dll, DataCollectionTestCaseEventHandler: Test case 'IsTrue - bf95edd5-393c-442b-e566-25d02ab836f2' completed
TpTrace Information: 0 : 28208, 9, 2024/07/04, 10:41:52.316, 1694403624289, datacollector.dll, DataCollectionTestCaseEventHandler: Test case starting.
TpTrace Information: 0 : 28208, 9, 2024/07/04, 10:41:52.317, 1694403627140, datacollector.dll, BlameCollector.EventsTestCaseStart: Test Case Start
TpTrace Verbose: 0 : 28208, 9, 2024/07/04, 10:41:52.317, 1694403627447, datacollector.dll, MulticastDelegateUtilities.SafeInvoke: DataCollectionEvents.TestCaseStart: Invoking callback 1/1 for Microsoft.TestPlatform.Extensions.BlameDataCollector.BlameCollector., took 0 ms.
TpTrace Information: 0 : 28208, 9, 2024/07/04, 10:41:52.317, 1694403628545, datacollector.dll, DataCollectionTestCaseEventHandler: Test case 'NegativeAssumption - a3859588-6564-1fd1-e5a1-0d63b37af8fe' started.
TpTrace Information: 0 : 28208, 9, 2024/07/04, 10:41:52.319, 1694403648531, datacollector.dll, DataCollectionTestCaseEventHandler: Test case completing.
TpTrace Information: 0 : 28208, 9, 2024/07/04, 10:41:52.319, 1694403654051, datacollector.dll, BlameCollector.EventsTestCaseEnd: Test Case End
TpTrace Verbose: 0 : 28208, 9, 2024/07/04, 10:41:52.319, 1694403654426, datacollector.dll, MulticastDelegateUtilities.SafeInvoke: DataCollectionEvents.TestCaseEnd: Invoking callback 1/1 for Microsoft.TestPlatform.Extensions.BlameDataCollector.BlameCollector., took 0 ms.
TpTrace Information: 0 : 28208, 9, 2024/07/04, 10:41:52.319, 1694403655019, datacollector.dll, DataCollectionTestCaseEventHandler: Test case 'NegativeAssumption - a3859588-6564-1fd1-e5a1-0d63b37af8fe' completed
TpTrace Information: 0 : 28208, 9, 2024/07/04, 10:41:52.320, 1694403662031, datacollector.dll, DataCollectionTestCaseEventHandler: Test case starting.
TpTrace Information: 0 : 28208, 9, 2024/07/04, 10:41:52.320, 1694403664879, datacollector.dll, BlameCollector.EventsTestCaseStart: Test Case Start
TpTrace Verbose: 0 : 28208, 9, 2024/07/04, 10:41:52.320, 1694403665778, datacollector.dll, MulticastDelegateUtilities.SafeInvoke: DataCollectionEvents.TestCaseStart: Invoking callback 1/1 for Microsoft.TestPlatform.Extensions.BlameDataCollector.BlameCollector., took 0 ms.
TpTrace Information: 0 : 28208, 9, 2024/07/04, 10:41:52.320, 1694403666403, datacollector.dll, DataCollectionTestCaseEventHandler: Test case 'NegativeWarning - fffeac36-ae30-b418-c1b8-9ca3432becf0' started.
TpTrace Information: 0 : 28208, 9, 2024/07/04, 10:41:52.321, 1694403673061, datacollector.dll, DataCollectionTestCaseEventHandler: Test case completing.
TpTrace Information: 0 : 28208, 9, 2024/07/04, 10:41:52.322, 1694403677898, datacollector.dll, BlameCollector.EventsTestCaseEnd: Test Case End
TpTrace Verbose: 0 : 28208, 9, 2024/07/04, 10:41:52.322, 1694403678228, datacollector.dll, MulticastDelegateUtilities.SafeInvoke: DataCollectionEvents.TestCaseEnd: Invoking callback 1/1 for Microsoft.TestPlatform.Extensions.BlameDataCollector.BlameCollector., took 0 ms.
TpTrace Information: 0 : 28208, 9, 2024/07/04, 10:41:52.322, 1694403678815, datacollector.dll, DataCollectionTestCaseEventHandler: Test case 'NegativeWarning - fffeac36-ae30-b418-c1b8-9ca3432becf0' completed
TpTrace Information: 0 : 28208, 9, 2024/07/04, 10:41:52.322, 1694403684755, datacollector.dll, DataCollectionTestCaseEventHandler: Test case starting.
TpTrace Information: 0 : 28208, 9, 2024/07/04, 10:41:52.323, 1694403687585, datacollector.dll, BlameCollector.EventsTestCaseStart: Test Case Start
TpTrace Verbose: 0 : 28208, 9, 2024/07/04, 10:41:52.323, 1694403687913, datacollector.dll, MulticastDelegateUtilities.SafeInvoke: DataCollectionEvents.TestCaseStart: Invoking callback 1/1 for Microsoft.TestPlatform.Extensions.BlameDataCollector.BlameCollector., took 0 ms.
TpTrace Information: 0 : 28208, 9, 2024/07/04, 10:41:52.323, 1694403688790, datacollector.dll, DataCollectionTestCaseEventHandler: Test case 'NoItemTests - e7794505-7a54-e4aa-853e-f72ad2fa2ba7' started.
TpTrace Information: 0 : 28208, 9, 2024/07/04, 10:41:52.323, 1694403694233, datacollector.dll, DataCollectionTestCaseEventHandler: Test case completing.
TpTrace Information: 0 : 28208, 9, 2024/07/04, 10:41:52.324, 1694403698270, datacollector.dll, BlameCollector.EventsTestCaseEnd: Test Case End
TpTrace Verbose: 0 : 28208, 9, 2024/07/04, 10:41:52.324, 1694403698590, datacollector.dll, MulticastDelegateUtilities.SafeInvoke: DataCollectionEvents.TestCaseEnd: Invoking callback 1/1 for Microsoft.TestPlatform.Extensions.BlameDataCollector.BlameCollector., took 0 ms.
TpTrace Information: 0 : 28208, 9, 2024/07/04, 10:41:52.324, 1694403699869, datacollector.dll, DataCollectionTestCaseEventHandler: Test case 'NoItemTests - e7794505-7a54-e4aa-853e-f72ad2fa2ba7' completed
TpTrace Information: 0 : 28208, 9, 2024/07/04, 10:41:52.324, 1694403704127, datacollector.dll, DataCollectionTestCaseEventHandler: Test case starting.
TpTrace Information: 0 : 28208, 9, 2024/07/04, 10:41:52.325, 1694403708883, datacollector.dll, BlameCollector.EventsTestCaseStart: Test Case Start
TpTrace Verbose: 0 : 28208, 9, 2024/07/04, 10:41:52.325, 1694403709217, datacollector.dll, MulticastDelegateUtilities.SafeInvoke: DataCollectionEvents.TestCaseStart: Invoking callback 1/1 for Microsoft.TestPlatform.Extensions.BlameDataCollector.BlameCollector., took 0 ms.
TpTrace Information: 0 : 28208, 9, 2024/07/04, 10:41:52.325, 1694403709688, datacollector.dll, DataCollectionTestCaseEventHandler: Test case 'NotOperator - 5f619d88-f616-e4d6-86b9-edefb4620d36' started.
TpTrace Information: 0 : 28208, 9, 2024/07/04, 10:41:52.325, 1694403713446, datacollector.dll, DataCollectionTestCaseEventHandler: Test case completing.
TpTrace Information: 0 : 28208, 9, 2024/07/04, 10:41:52.326, 1694403718344, datacollector.dll, BlameCollector.EventsTestCaseEnd: Test Case End
TpTrace Verbose: 0 : 28208, 9, 2024/07/04, 10:41:52.326, 1694403719346, datacollector.dll, MulticastDelegateUtilities.SafeInvoke: DataCollectionEvents.TestCaseEnd: Invoking callback 1/1 for Microsoft.TestPlatform.Extensions.BlameDataCollector.BlameCollector., took 0 ms.
TpTrace Information: 0 : 28208, 9, 2024/07/04, 10:41:52.326, 1694403719897, datacollector.dll, DataCollectionTestCaseEventHandler: Test case 'NotOperator - 5f619d88-f616-e4d6-86b9-edefb4620d36' completed
TpTrace Information: 0 : 28208, 9, 2024/07/04, 10:41:52.326, 1694403724106, datacollector.dll, DataCollectionTestCaseEventHandler: Test case starting.
TpTrace Information: 0 : 28208, 9, 2024/07/04, 10:41:52.327, 1694403730352, datacollector.dll, BlameCollector.EventsTestCaseStart: Test Case Start
TpTrace Verbose: 0 : 28208, 9, 2024/07/04, 10:41:52.327, 1694403730769, datacollector.dll, MulticastDelegateUtilities.SafeInvoke: DataCollectionEvents.TestCaseStart: Invoking callback 1/1 for Microsoft.TestPlatform.Extensions.BlameDataCollector.BlameCollector., took 0 ms.
TpTrace Information: 0 : 28208, 9, 2024/07/04, 10:41:52.327, 1694403731522, datacollector.dll, DataCollectionTestCaseEventHandler: Test case 'NotTests - 986ce57c-c6e8-f449-829f-1ebd1cd31226' started.
TpTrace Information: 0 : 28208, 9, 2024/07/04, 10:41:52.327, 1694403735362, datacollector.dll, DataCollectionTestCaseEventHandler: Test case completing.
TpTrace Information: 0 : 28208, 9, 2024/07/04, 10:41:52.328, 1694403738234, datacollector.dll, BlameCollector.EventsTestCaseEnd: Test Case End
TpTrace Verbose: 0 : 28208, 9, 2024/07/04, 10:41:52.328, 1694403738539, datacollector.dll, MulticastDelegateUtilities.SafeInvoke: DataCollectionEvents.TestCaseEnd: Invoking callback 1/1 for Microsoft.TestPlatform.Extensions.BlameDataCollector.BlameCollector., took 0 ms.
TpTrace Information: 0 : 28208, 9, 2024/07/04, 10:41:52.328, 1694403739039, datacollector.dll, DataCollectionTestCaseEventHandler: Test case 'NotTests - 986ce57c-c6e8-f449-829f-1ebd1cd31226' completed
TpTrace Information: 0 : 28208, 9, 2024/07/04, 10:41:52.330, 1694403757998, datacollector.dll, DataCollectionTestCaseEventHandler: Test case starting.
TpTrace Information: 0 : 28208, 9, 2024/07/04, 10:41:52.330, 1694403762008, datacollector.dll, BlameCollector.EventsTestCaseStart: Test Case Start
TpTrace Verbose: 0 : 28208, 9, 2024/07/04, 10:41:52.330, 1694403762358, datacollector.dll, MulticastDelegateUtilities.SafeInvoke: DataCollectionEvents.TestCaseStart: Invoking callback 1/1 for Microsoft.TestPlatform.Extensions.BlameDataCollector.BlameCollector., took 0 ms.
TpTrace Information: 0 : 28208, 9, 2024/07/04, 10:41:52.330, 1694403762973, datacollector.dll, DataCollectionTestCaseEventHandler: Test case 'OrOperator - 9bc7254f-3751-ab1a-7592-f5e3746561d2' started.
TpTrace Information: 0 : 28208, 9, 2024/07/04, 10:41:52.331, 1694403769237, datacollector.dll, DataCollectionTestCaseEventHandler: Test case completing.
TpTrace Information: 0 : 28208, 9, 2024/07/04, 10:41:52.331, 1694403771562, datacollector.dll, BlameCollector.EventsTestCaseEnd: Test Case End
TpTrace Verbose: 0 : 28208, 9, 2024/07/04, 10:41:52.331, 1694403771782, datacollector.dll, MulticastDelegateUtilities.SafeInvoke: DataCollectionEvents.TestCaseEnd: Invoking callback 1/1 for Microsoft.TestPlatform.Extensions.BlameDataCollector.BlameCollector., took 0 ms.
TpTrace Information: 0 : 28208, 9, 2024/07/04, 10:41:52.331, 1694403772373, datacollector.dll, DataCollectionTestCaseEventHandler: Test case 'OrOperator - 9bc7254f-3751-ab1a-7592-f5e3746561d2' completed
TpTrace Information: 0 : 28208, 9, 2024/07/04, 10:41:52.332, 1694403778057, datacollector.dll, DataCollectionTestCaseEventHandler: Test case starting.
TpTrace Information: 0 : 28208, 9, 2024/07/04, 10:41:52.332, 1694403780411, datacollector.dll, BlameCollector.EventsTestCaseStart: Test Case Start
TpTrace Verbose: 0 : 28208, 9, 2024/07/04, 10:41:52.332, 1694403780637, datacollector.dll, MulticastDelegateUtilities.SafeInvoke: DataCollectionEvents.TestCaseStart: Invoking callback 1/1 for Microsoft.TestPlatform.Extensions.BlameDataCollector.BlameCollector., took 0 ms.
TpTrace Information: 0 : 28208, 9, 2024/07/04, 10:41:52.332, 1694403781030, datacollector.dll, DataCollectionTestCaseEventHandler: Test case 'PositiveAssumption - b47dd611-9ad8-b316-1066-3c9b55ce4222' started.
TpTrace Information: 0 : 28208, 9, 2024/07/04, 10:41:52.333, 1694403789672, datacollector.dll, DataCollectionTestCaseEventHandler: Test case completing.
TpTrace Information: 0 : 28208, 9, 2024/07/04, 10:41:52.333, 1694403793062, datacollector.dll, BlameCollector.EventsTestCaseEnd: Test Case End
TpTrace Verbose: 0 : 28208, 9, 2024/07/04, 10:41:52.333, 1694403793468, datacollector.dll, MulticastDelegateUtilities.SafeInvoke: DataCollectionEvents.TestCaseEnd: Invoking callback 1/1 for Microsoft.TestPlatform.Extensions.BlameDataCollector.BlameCollector., took 0 ms.
TpTrace Information: 0 : 28208, 9, 2024/07/04, 10:41:52.333, 1694403794169, datacollector.dll, DataCollectionTestCaseEventHandler: Test case 'PositiveAssumption - b47dd611-9ad8-b316-1066-3c9b55ce4222' completed
TpTrace Information: 0 : 28208, 9, 2024/07/04, 10:41:52.334, 1694403798602, datacollector.dll, DataCollectionTestCaseEventHandler: Test case starting.
TpTrace Information: 0 : 28208, 9, 2024/07/04, 10:41:52.334, 1694403801377, datacollector.dll, BlameCollector.EventsTestCaseStart: Test Case Start
TpTrace Verbose: 0 : 28208, 9, 2024/07/04, 10:41:52.334, 1694403801721, datacollector.dll, MulticastDelegateUtilities.SafeInvoke: DataCollectionEvents.TestCaseStart: Invoking callback 1/1 for Microsoft.TestPlatform.Extensions.BlameDataCollector.BlameCollector., took 0 ms.
TpTrace Information: 0 : 28208, 9, 2024/07/04, 10:41:52.334, 1694403802264, datacollector.dll, DataCollectionTestCaseEventHandler: Test case 'PositiveWarning - 9f30ba9c-a404-48dd-748f-d3dbdf73fc81' started.
TpTrace Information: 0 : 28208, 9, 2024/07/04, 10:41:52.343, 1694403891357, datacollector.dll, DataCollectionTestCaseEventHandler: Test case completing.
TpTrace Information: 0 : 28208, 9, 2024/07/04, 10:41:52.344, 1694403899529, datacollector.dll, BlameCollector.EventsTestCaseEnd: Test Case End
TpTrace Verbose: 0 : 28208, 9, 2024/07/04, 10:41:52.344, 1694403903055, datacollector.dll, MulticastDelegateUtilities.SafeInvoke: DataCollectionEvents.TestCaseEnd: Invoking callback 1/1 for Microsoft.TestPlatform.Extensions.BlameDataCollector.BlameCollector., took 0 ms.
TpTrace Information: 0 : 28208, 9, 2024/07/04, 10:41:52.344, 1694403903957, datacollector.dll, DataCollectionTestCaseEventHandler: Test case 'PositiveWarning - 9f30ba9c-a404-48dd-748f-d3dbdf73fc81' completed
TpTrace Information: 0 : 28208, 9, 2024/07/04, 10:41:52.345, 1694403909091, datacollector.dll, DataCollectionTestCaseEventHandler: Test case starting.
TpTrace Information: 0 : 28208, 9, 2024/07/04, 10:41:52.345, 1694403914375, datacollector.dll, BlameCollector.EventsTestCaseStart: Test Case Start
TpTrace Verbose: 0 : 28208, 9, 2024/07/04, 10:41:52.345, 1694403914747, datacollector.dll, MulticastDelegateUtilities.SafeInvoke: DataCollectionEvents.TestCaseStart: Invoking callback 1/1 for Microsoft.TestPlatform.Extensions.BlameDataCollector.BlameCollector., took 0 ms.
TpTrace Information: 0 : 28208, 9, 2024/07/04, 10:41:52.345, 1694403915358, datacollector.dll, DataCollectionTestCaseEventHandler: Test case 'PropertyTests - f63b99ea-e6da-254d-cd16-d01fe03cc769' started.
TpTrace Information: 0 : 28208, 9, 2024/07/04, 10:41:52.346, 1694403917893, datacollector.dll, DataCollectionTestCaseEventHandler: Test case completing.
TpTrace Information: 0 : 28208, 9, 2024/07/04, 10:41:52.346, 1694403920249, datacollector.dll, BlameCollector.EventsTestCaseEnd: Test Case End
TpTrace Verbose: 0 : 28208, 9, 2024/07/04, 10:41:52.346, 1694403920472, datacollector.dll, MulticastDelegateUtilities.SafeInvoke: DataCollectionEvents.TestCaseEnd: Invoking callback 1/1 for Microsoft.TestPlatform.Extensions.BlameDataCollector.BlameCollector., took 0 ms.
TpTrace Information: 0 : 28208, 9, 2024/07/04, 10:41:52.346, 1694403921069, datacollector.dll, DataCollectionTestCaseEventHandler: Test case 'PropertyTests - f63b99ea-e6da-254d-cd16-d01fe03cc769' completed
TpTrace Information: 0 : 28208, 9, 2024/07/04, 10:41:52.346, 1694403925667, datacollector.dll, DataCollectionTestCaseEventHandler: Test case starting.
TpTrace Information: 0 : 28208, 9, 2024/07/04, 10:41:52.347, 1694403928621, datacollector.dll, BlameCollector.EventsTestCaseStart: Test Case Start
TpTrace Verbose: 0 : 28208, 9, 2024/07/04, 10:41:52.347, 1694403928944, datacollector.dll, MulticastDelegateUtilities.SafeInvoke: DataCollectionEvents.TestCaseStart: Invoking callback 1/1 for Microsoft.TestPlatform.Extensions.BlameDataCollector.BlameCollector., took 0 ms.
TpTrace Information: 0 : 28208, 9, 2024/07/04, 10:41:52.347, 1694403929740, datacollector.dll, DataCollectionTestCaseEventHandler: Test case 'RegularExpressionTests - 51d023de-8a9d-95f1-815e-5b55f4fb0de1' started.
TpTrace Information: 0 : 28208, 9, 2024/07/04, 10:41:52.347, 1694403932023, datacollector.dll, DataCollectionTestCaseEventHandler: Test case completing.
TpTrace Information: 0 : 28208, 9, 2024/07/04, 10:41:52.348, 1694403937621, datacollector.dll, BlameCollector.EventsTestCaseEnd: Test Case End
TpTrace Verbose: 0 : 28208, 9, 2024/07/04, 10:41:52.348, 1694403937931, datacollector.dll, MulticastDelegateUtilities.SafeInvoke: DataCollectionEvents.TestCaseEnd: Invoking callback 1/1 for Microsoft.TestPlatform.Extensions.BlameDataCollector.BlameCollector., took 0 ms.
TpTrace Information: 0 : 28208, 9, 2024/07/04, 10:41:52.348, 1694403938511, datacollector.dll, DataCollectionTestCaseEventHandler: Test case 'RegularExpressionTests - 51d023de-8a9d-95f1-815e-5b55f4fb0de1' completed
TpTrace Information: 0 : 28208, 9, 2024/07/04, 10:41:52.348, 1694403940842, datacollector.dll, DataCollectionTestCaseEventHandler: Test case starting.
TpTrace Information: 0 : 28208, 9, 2024/07/04, 10:41:52.348, 1694403943235, datacollector.dll, BlameCollector.EventsTestCaseStart: Test Case Start
TpTrace Verbose: 0 : 28208, 9, 2024/07/04, 10:41:52.348, 1694403943553, datacollector.dll, MulticastDelegateUtilities.SafeInvoke: DataCollectionEvents.TestCaseStart: Invoking callback 1/1 for Microsoft.TestPlatform.Extensions.BlameDataCollector.BlameCollector., took 0 ms.
TpTrace Information: 0 : 28208, 9, 2024/07/04, 10:41:52.348, 1694403945393, datacollector.dll, DataCollectionTestCaseEventHandler: Test case 'SomeItemTests - b4b131e8-ae1f-f26f-7a69-ff2e6bb6b910' started.
TpTrace Information: 0 : 28208, 9, 2024/07/04, 10:41:52.349, 1694403947524, datacollector.dll, DataCollectionTestCaseEventHandler: Test case completing.
TpTrace Information: 0 : 28208, 9, 2024/07/04, 10:41:52.349, 1694403949794, datacollector.dll, BlameCollector.EventsTestCaseEnd: Test Case End
TpTrace Verbose: 0 : 28208, 9, 2024/07/04, 10:41:52.349, 1694403950009, datacollector.dll, MulticastDelegateUtilities.SafeInvoke: DataCollectionEvents.TestCaseEnd: Invoking callback 1/1 for Microsoft.TestPlatform.Extensions.BlameDataCollector.BlameCollector., took 0 ms.
TpTrace Information: 0 : 28208, 9, 2024/07/04, 10:41:52.349, 1694403950533, datacollector.dll, DataCollectionTestCaseEventHandler: Test case 'SomeItemTests - b4b131e8-ae1f-f26f-7a69-ff2e6bb6b910' completed
TpTrace Information: 0 : 28208, 9, 2024/07/04, 10:41:52.349, 1694403954744, datacollector.dll, DataCollectionTestCaseEventHandler: Test case starting.
TpTrace Information: 0 : 28208, 9, 2024/07/04, 10:41:52.350, 1694403957459, datacollector.dll, BlameCollector.EventsTestCaseStart: Test Case Start
TpTrace Verbose: 0 : 28208, 9, 2024/07/04, 10:41:52.350, 1694403957767, datacollector.dll, MulticastDelegateUtilities.SafeInvoke: DataCollectionEvents.TestCaseStart: Invoking callback 1/1 for Microsoft.TestPlatform.Extensions.BlameDataCollector.BlameCollector., took 0 ms.
TpTrace Information: 0 : 28208, 9, 2024/07/04, 10:41:52.350, 1694403958200, datacollector.dll, DataCollectionTestCaseEventHandler: Test case 'StartsWithTests - 73535320-48c2-f42c-b849-1e6c57ee1e20' started.
TpTrace Information: 0 : 28208, 9, 2024/07/04, 10:41:52.350, 1694403960845, datacollector.dll, DataCollectionTestCaseEventHandler: Test case completing.
TpTrace Information: 0 : 28208, 9, 2024/07/04, 10:41:52.350, 1694403963221, datacollector.dll, BlameCollector.EventsTestCaseEnd: Test Case End
TpTrace Verbose: 0 : 28208, 9, 2024/07/04, 10:41:52.350, 1694403963524, datacollector.dll, MulticastDelegateUtilities.SafeInvoke: DataCollectionEvents.TestCaseEnd: Invoking callback 1/1 for Microsoft.TestPlatform.Extensions.BlameDataCollector.BlameCollector., took 0 ms.
TpTrace Information: 0 : 28208, 9, 2024/07/04, 10:41:52.350, 1694403964005, datacollector.dll, DataCollectionTestCaseEventHandler: Test case 'StartsWithTests - 73535320-48c2-f42c-b849-1e6c57ee1e20' completed
TpTrace Information: 0 : 28208, 9, 2024/07/04, 10:41:52.351, 1694403967583, datacollector.dll, DataCollectionTestCaseEventHandler: Test case starting.
TpTrace Information: 0 : 28208, 9, 2024/07/04, 10:41:52.351, 1694403970802, datacollector.dll, BlameCollector.EventsTestCaseStart: Test Case Start
TpTrace Verbose: 0 : 28208, 9, 2024/07/04, 10:41:52.351, 1694403971192, datacollector.dll, MulticastDelegateUtilities.SafeInvoke: DataCollectionEvents.TestCaseStart: Invoking callback 1/1 for Microsoft.TestPlatform.Extensions.BlameDataCollector.BlameCollector., took 0 ms.
TpTrace Information: 0 : 28208, 9, 2024/07/04, 10:41:52.351, 1694403971723, datacollector.dll, DataCollectionTestCaseEventHandler: Test case 'SubsetTests - d3e5c63a-ecf0-695a-4712-1737282542f2' started.
TpTrace Information: 0 : 28208, 9, 2024/07/04, 10:41:52.351, 1694403973696, datacollector.dll, DataCollectionTestCaseEventHandler: Test case completing.
TpTrace Information: 0 : 28208, 9, 2024/07/04, 10:41:52.352, 1694403978158, datacollector.dll, BlameCollector.EventsTestCaseEnd: Test Case End
TpTrace Verbose: 0 : 28208, 9, 2024/07/04, 10:41:52.352, 1694403978466, datacollector.dll, MulticastDelegateUtilities.SafeInvoke: DataCollectionEvents.TestCaseEnd: Invoking callback 1/1 for Microsoft.TestPlatform.Extensions.BlameDataCollector.BlameCollector., took 0 ms.
TpTrace Information: 0 : 28208, 9, 2024/07/04, 10:41:52.352, 1694403979692, datacollector.dll, DataCollectionTestCaseEventHandler: Test case 'SubsetTests - d3e5c63a-ecf0-695a-4712-1737282542f2' completed
TpTrace Information: 0 : 28208, 9, 2024/07/04, 10:41:52.352, 1694403983246, datacollector.dll, DataCollectionTestCaseEventHandler: Test case starting.
TpTrace Information: 0 : 28208, 9, 2024/07/04, 10:41:52.353, 1694403987276, datacollector.dll, BlameCollector.EventsTestCaseStart: Test Case Start
TpTrace Verbose: 0 : 28208, 9, 2024/07/04, 10:41:52.353, 1694403987590, datacollector.dll, MulticastDelegateUtilities.SafeInvoke: DataCollectionEvents.TestCaseStart: Invoking callback 1/1 for Microsoft.TestPlatform.Extensions.BlameDataCollector.BlameCollector., took 0 ms.
TpTrace Information: 0 : 28208, 9, 2024/07/04, 10:41:52.353, 1694403988084, datacollector.dll, DataCollectionTestCaseEventHandler: Test case 'SubstringTests - 44cab827-d567-872b-b6b5-f3e11407117b' started.
TpTrace Information: 0 : 28208, 9, 2024/07/04, 10:41:52.353, 1694403990979, datacollector.dll, DataCollectionTestCaseEventHandler: Test case completing.
TpTrace Information: 0 : 28208, 9, 2024/07/04, 10:41:52.353, 1694403994315, datacollector.dll, BlameCollector.EventsTestCaseEnd: Test Case End
TpTrace Verbose: 0 : 28208, 9, 2024/07/04, 10:41:52.353, 1694403994621, datacollector.dll, MulticastDelegateUtilities.SafeInvoke: DataCollectionEvents.TestCaseEnd: Invoking callback 1/1 for Microsoft.TestPlatform.Extensions.BlameDataCollector.BlameCollector., took 0 ms.
TpTrace Information: 0 : 28208, 9, 2024/07/04, 10:41:52.353, 1694403995120, datacollector.dll, DataCollectionTestCaseEventHandler: Test case 'SubstringTests - 44cab827-d567-872b-b6b5-f3e11407117b' completed
TpTrace Information: 0 : 28208, 9, 2024/07/04, 10:41:52.361, 1694404073805, datacollector.dll, DataCollectionTestCaseEventHandler: Test session ended
TpTrace Information: 0 : 28208, 1, 2024/07/04, 10:41:52.398, 1694404442159, datacollector.dll, DataCollectionRequestHandler.ProcessRequests: Datacollector received message: (DataCollection.AfterTestRunEnd) -> {"MessageType":"DataCollection.AfterTestRunEnd","Payload":false}
TpTrace Information: 0 : 28208, 1, 2024/07/04, 10:41:52.399, 1694404447380, datacollector.dll, Blame Collector: Session End
TpTrace Information: 0 : 28208, 1, 2024/07/04, 10:41:52.399, 1694404447834, datacollector.dll, BlameCollector.CollectDumpAndAbortTesthost: Custom path to dump directory was provided via VSTEST_DUMP_PATH. Skipping attachment upload, the caller is responsible for collecting and uploading the dumps themselves.
TpTrace Verbose: 0 : 28208, 1, 2024/07/04, 10:41:52.399, 1694404448241, datacollector.dll, MulticastDelegateUtilities.SafeInvoke: DataCollectionEvents.SessionEnd: Invoking callback 1/1 for Microsoft.TestPlatform.Extensions.BlameDataCollector.BlameCollector., took 0 ms.
TpTrace Information: 0 : 28208, 1, 2024/07/04, 10:41:52.399, 1694404451698, datacollector.dll, DataCollectionManager.CleanupPlugins: CleanupPlugins called
TpTrace Verbose: 0 : 28208, 1, 2024/07/04, 10:41:52.399, 1694404451981, datacollector.dll, DataCollectionManager.CleanupPlugins: Cleaning up 1 plugins
TpTrace Verbose: 0 : 28208, 1, 2024/07/04, 10:41:52.399, 1694404452405, datacollector.dll, dataCollectorInfo.DisposeDataCollector: calling Dispose() on Microsoft.TestPlatform.Extensions.BlameDataCollector.BlameCollector
TpTrace Information: 0 : 28208, 1, 2024/07/04, 10:41:52.399, 1694404452724, datacollector.dll, DataCollectionManager.CleanupPlugins: CleanupPlugins finished
TpTrace Information: 0 : 28208, 1, 2024/07/04, 10:41:52.401, 1694404475121, datacollector.dll, DataCollectionRequestHandler.ProcessRequests : Session End message received from server. Closing the connection.
TpTrace Information: 0 : 28208, 1, 2024/07/04, 10:41:52.401, 1694404476323, datacollector.dll, Closing the connection !
TpTrace Information: 0 : 28208, 1, 2024/07/04, 10:41:52.401, 1694404476512, datacollector.dll, DataCollectionRequestHandler.ProcessRequests : DataCollection completed
TpTrace Information: 0 : 28208, 1, 2024/07/04, 10:41:52.401, 1694404476633, datacollector.dll, Program.Main: exiting datacollector process.
